#
# A fatal error has been detected by the Java Runtime Environment:
#
#  EXCEPTION_ACCESS_VIOLATION (0xc0000005) at pc=0x00007ffc8b55ce15, pid=3196, tid=22424
#
# JRE version: Java(TM) SE Runtime Environment (24.0.2+12) (build 24.0.2+12-54)
# Java VM: Java HotSpot(TM) 64-Bit Server VM (24.0.2+12-54, mixed mode, emulated-client, sharing, tiered, compressed oops, compressed class ptrs, g1 gc, windows-amd64)
# Problematic frame:
# C  [libasyncProfiler.dll+0x9ce15]
#
# No core dump will be written. Minidumps are not enabled by default on client versions of Windows
#
# JFR recording file will be written. Location: C:\Users\RUPHIN\Documents\projet de ruphin\flutter\agriscan\backend\hs_err_pid3196.jfr
#
# If you would like to submit a bug report, please visit:
#   https://bugreport.java.com/bugreport/crash.jsp
# The crash happened outside the Java Virtual Machine in native code.
# See problematic frame for where to report the bug.
#

---------------  S U M M A R Y ------------

Command Line: -XX:TieredStopAtLevel=1 -Dspring.profiles.active=ruphin -Dspring.output.ansi.enabled=always -Dcom.sun.management.jmxremote -Dspring.jmx.enabled=true -Dspring.liveBeansView.mbeanDomain -Dspring.application.admin.enabled=true -Dmanagement.endpoints.jmx.exposure.include=* -javaagent:C:\Program Files\JetBrains\IntelliJ IDEA 2023.1\lib\idea_rt.jar=13265:C:\Program Files\JetBrains\IntelliJ IDEA 2023.1\bin -agentpath:C:\Users\RUPHIN\AppData\Local\Temp\libasyncProfiler.dll=start,jfr,event=cpu,interval=10ms,jfrsync=profile,cstack=no,file=C:\Users\RUPHIN\IdeaSnapshots\SaBackendApplication_2026_06_03_144323.jfr,log=C:\Users\RUPHIN\AppData\Local\Temp\SaBackendApplication_2026_06_03_144323.jfr.log.txt,logLevel=DEBUG -Dfile.encoding=UTF-8 -Dsun.stdout.encoding=UTF-8 -Dsun.stderr.encoding=UTF-8 apash.coding.sa.SaBackendApplication

Host: Intel(R) Core(TM) i5-10310U CPU @ 1.70GHz, 8 cores, 15G,  Windows 11 , 64 bit Build 26100 (10.0.26100.8328)
Time: Wed Jun  3 14:43:25 2026 Afr. centrale Ouest elapsed time: 1.981204 seconds (0d 0h 0m 1s)

---------------  T H R E A D  ---------------

Current thread (0x000001a72efd6f10):  JavaThread "main"             [_thread_in_native, id=22424, stack(0x0000007a7cd00000,0x0000007a7ce00000) (1024K)]

Stack: [0x0000007a7cd00000,0x0000007a7ce00000],  sp=0x0000007a7cdfe590,  free space=1017k
Native frames: (J=compiled Java code, j=interpreted, Vv=VM code, C=native code)
C  [libasyncProfiler.dll+0x9ce15]  (no source info available)
C  [libasyncProfiler.dll+0x9d1bb]  (no source info available)
C  [libasyncProfiler.dll+0x9c004]  (no source info available)
C  [libasyncProfiler.dll+0x9c8e7]  (no source info available)
C  [libasyncProfiler.dll+0x971ab]  (no source info available)
C  [libasyncProfiler.dll+0x8a476]  (no source info available)
C  [libasyncProfiler.dll+0x88f60]  (no source info available)
C  [libasyncProfiler.dll+0x88e34]  (no source info available)
C  [libasyncProfiler.dll+0x8e90d]  (no source info available)
V  [jvm.dll+0x5e37ee]  (no source info available)
V  [jvm.dll+0x8862d6]  (no source info available)
V  [jvm.dll+0x495e7e]  (no source info available)
V  [jvm.dll+0x497c51]  (no source info available)
C  [jli.dll+0x52a1]  (no source info available)
C  [ucrtbase.dll+0x37b0]  (no source info available)
C  [KERNEL32.DLL+0x2e957]  (no source info available)
C  [ntdll.dll+0x427c]  (no source info available)


siginfo: EXCEPTION_ACCESS_VIOLATION (0xc0000005), reading address 0xffffffffffffffff


Registers:
RAX=0x007ffc53fb301010, RBX=0x0000000000000000, RCX=0x0000000000000010, RDX=0x000001a72efd6f10
RSP=0x0000007a7cdfe590, RBP=0x000001a73aa1b120, RSI=0x0000007a7cdfe6c8, RDI=0x000001a73aa1b120
R8 =0x0000000000000042, R9 =0x0000000713401ed8, R10=0x00007ffc54229ff0, R11=0x0000000000000008
R12=0x0000007a7cdfe6c8, R13=0x000001a724094c50, R14=0x000001a72efd72d8, R15=0x000000000000001e
RIP=0x00007ffc8b55ce15, EFLAGS=0x0000000000010202

XMM[0]=0x0000000000000000 0x0000000000000000
XMM[1]=0x0000000000000000 0x0000000000000000
XMM[2]=0x0000000000000000 0x0000000000000000
XMM[3]=0x0000000000000000 0x0000000000000000
XMM[4]=0x0000000000000000 0x0000000000000000
XMM[5]=0x0000000000000000 0x0000000000000000
XMM[6]=0x00007ffc8b671300 0x00007ffc8b5a2400
XMM[7]=0x000000000000000f 0x0000000000000000
XMM[8]=0x0000000000000000 0x0000000000000000
XMM[9]=0x0000000000000000 0x0000000000000000
XMM[10]=0x0000000000000000 0x0000000000000000
XMM[11]=0x0000000000000000 0x0000000000000000
XMM[12]=0x0000000000000000 0x0000000000000000
XMM[13]=0x0000000000000000 0x0000000000000000
XMM[14]=0x0000000000000000 0x0000000000000000
XMM[15]=0x0000000000000000 0x0000000000000000
  MXCSR=0x00001fa0


Register to memory mapping:

RAX=0x007ffc53fb301010 is an unknown value
RBX=0x0 is null
RCX=0x0000000000000010 is an unknown value
RDX=0x000001a72efd6f10 is a thread
RSP=0x0000007a7cdfe590 is pointing into the stack for thread: 0x000001a72efd6f10
RBP=0x000001a73aa1b120 points into unknown readable memory: 0x0000000713401ed8 | d8 1e 40 13 07 00 00 00
RSI=0x0000007a7cdfe6c8 is pointing into the stack for thread: 0x000001a72efd6f10
RDI=0x000001a73aa1b120 points into unknown readable memory: 0x0000000713401ed8 | d8 1e 40 13 07 00 00 00
R8 =0x0000000000000042 is an unknown value
R9 =0x0000000713401ed8 is an oop: java.lang.Thread 
{0x0000000713401ed8} - klass: 'java/lang/Thread' - flags: 

 - ---- fields (total size 14 words):
 - 'threadLocalRandomProbe' 'I' @12  0 (0x00000000)
 - private volatile 'eetop' 'J' @16  1817559527184 (0x000001a72efd6f10)
 - private final 'tid' 'J' @24  3 (0x0000000000000003)
 - 'threadLocalRandomSeed' 'J' @32  0 (0x0000000000000000)
 - injected 'jvmti_thread_state' 'J' @40  1817748544048 (0x000001a73a419a30)
 - 'threadLocalRandomSecondarySeed' 'I' @48  0 (0x00000000)
 - injected 'jvmti_VTMS_transition_disable_count' 'I' @52  0 (0x00000000)
 - injected 'jfr_epoch' 'S' @56  0 (0x0000)
 - volatile 'interrupted' 'Z' @58  false (0x00)
 - injected 'jvmti_is_in_VTMS_transition' 'Z' @59  false (0x00)
 - private volatile 'name' 'Ljava/lang/String;' @60  "main"{0x0000000713401f48} (0xe26803e9)
 - private volatile 'contextClassLoader' 'Ljava/lang/ClassLoader;' @64  a 'jdk/internal/loader/ClassLoaders$AppClassLoader'{0x00000007134446a8} (0xe26888d5)
 - private final 'holder' 'Ljava/lang/Thread$FieldHolder;' @68  a 'java/lang/Thread$FieldHolder'{0x0000000713401f88} (0xe26803f1)
 - 'threadLocals' 'Ljava/lang/ThreadLocal$ThreadLocalMap;' @72  a 'java/lang/ThreadLocal$ThreadLocalMap'{0x0000000713362180} (0xe266c430)
 - 'inheritableThreadLocals' 'Ljava/lang/ThreadLocal$ThreadLocalMap;' @76  null (0x00000000)
 - private 'scopedValueBindings' 'Ljava/lang/Object;' @80  a 'java/lang/Class'{0x00000007ffe7c8c0} = 'java/lang/Thread' (0xfffcf918)
 - final 'interruptLock' 'Ljava/lang/Object;' @84  a 'java/lang/Object'{0x0000000713401f78} (0xe26803ef)
 - private volatile 'parkBlocker' 'Ljava/lang/Object;' @88  null (0x00000000)
 - private 'nioBlocker' 'Lsun/nio/ch/Interruptible;' @92  null (0x00000000)
 - private 'cont' 'Ljdk/internal/vm/Continuation;' @96  null (0x00000000)
 - private volatile 'uncaughtExceptionHandler' 'Ljava/lang/Thread$UncaughtExceptionHandler;' @100  null (0x00000000)
 - private 'container' 'Ljdk/internal/vm/ThreadContainer;' @104  null (0x00000000)
 - private volatile 'headStackableScopes' 'Ljdk/internal/vm/StackableScope;' @108  null (0x00000000)
R10=0x00007ffc54229ff0 jvm.dll
R11=0x0000000000000008 is an unknown value
R12=0x0000007a7cdfe6c8 is pointing into the stack for thread: 0x000001a72efd6f10
R13=0x000001a724094c50 points into unknown readable memory: 0x00007ffc5419a510 | 10 a5 19 54 fc 7f 00 00
R14=0x000001a72efd72d8 points into unknown readable memory: 0x00007ffc541917b0 | b0 17 19 54 fc 7f 00 00
R15=0x000000000000001e is an unknown value

Top of Stack: (sp=0x0000007a7cdfe590)
0x0000007a7cdfe590:   0000007a7cdfe6c8 000001a73aa1b120   ...|z... ..:....
0x0000007a7cdfe5a0:   0000000000000000 0000000000000920   ........ .......
0x0000007a7cdfe5b0:   000001a7014c5cc0 00007ffc8b55d1bb   .\L.......U.....
0x0000007a7cdfe5c0:   fffffffffffffffe 000001a72efd72d8   .........r......
0x0000007a7cdfe5d0:   0000000000000000 000001a7014c5cc0   .........\L.....
0x0000007a7cdfe5e0:   000001a72efd72d8 00007ffc8b55c004   .r........U.....
0x0000007a7cdfe5f0:   0000000000000000 000000000000001e   ................
0x0000007a7cdfe600:   0000000000000000 000001a7014c5cc0   .........\L.....
0x0000007a7cdfe610:   000000000000000e 000001a7015f5900   .........Y_.....
0x0000007a7cdfe620:   fffffffffffffffe 000001a7014c5cc0   .........\L.....
0x0000007a7cdfe630:   000001a7014c5d38 000001a7014c5d68   8]L.....h]L.....
0x0000007a7cdfe640:   0000000000001fd4 0000000000000000   ................
0x0000007a7cdfe650:   0000000000000000 0000000000000000   ................
0x0000007a7cdfe660:   00007ffc8b6e6ba0 0000000000000001   .kn.............
0x0000007a7cdfe670:   0000000000000000 0000000000000000   ................
0x0000007a7cdfe680:   00007ffc8b6ec800 00007ffc8b55c8e7   ..n.......U.....
0x0000007a7cdfe690:   000001a72efd72d8 0000000000000c7c   .r......|.......
0x0000007a7cdfe6a0:   0000007a7cdfe710 00000000ffffffff   ...|z...........
0x0000007a7cdfe6b0:   00007ffc8b673524 000089598d818b52   $5g.....R...Y...
0x0000007a7cdfe6c0:   0000007a7cdfe860 000001a7013f9d90   `..|z.....?.....
0x0000007a7cdfe6d0:   000001a7013fa150 000001a7013fa150   P.?.....P.?.....
0x0000007a7cdfe6e0:   000001a72efd72d8 000001a72efd72d8   .r.......r......
0x0000007a7cdfe6f0:   fffffffffffffffe 00007ffc8b6ec800   ..........n.....
0x0000007a7cdfe700:   000001a724050000 000001a700000000   ...$............
0x0000007a7cdfe710:   00007ffc8b6e6ba0 00007ffc8b6e6ba0   .kn......kn.....
0x0000007a7cdfe720:   0000000000000000 00007ffc8b6ec850   ........P.n.....
0x0000007a7cdfe730:   0000000000989680 0000007a7cdfea48   ........H..|z...
0x0000007a7cdfe740:   0000007a7cdfe850 00007ffc8b5571ab   P..|z....qU.....
0x0000007a7cdfe750:   00007ffc8b6ec858 00007ffffffeffff   X.n.............
0x0000007a7cdfe760:   00007ffc8b6ec858 0000000000000008   X.n.............
0x0000007a7cdfe770:   00004ced5bd02e97 00000000018bc65c   ...[.L..\.......
0x0000007a7cdfe780:   0000000000000004 000001a7020b15f0   ................

Instructions: (pc=0x00007ffc8b55ce15)
  0x00007ffc8b55cd15:   cc cc cc cc cc cc cc cc cc cc cc cc cc cc cc cc
  0x00007ffc8b55cd25:   cc cc cc cc cc cc cc cc cc cc cc cc cc cc cc cc
  0x00007ffc8b55cd35:   cc cc cc cc cc cc cc cc cc cc cc cc cc cc cc cc
  0x00007ffc8b55cd45:   cc cc cc cc cc cc cc cc cc cc cc cc cc cc cc cc
  0x00007ffc8b55cd55:   cc cc cc cc cc cc cc cc cc cc cc cc cc cc cc cc
  0x00007ffc8b55cd65:   cc cc cc cc cc cc cc cc cc cc cc cc cc cc cc cc
  0x00007ffc8b55cd75:   cc cc cc cc cc cc cc cc cc cc cc cc cc cc cc cc
  0x00007ffc8b55cd85:   cc cc cc cc cc cc cc cc cc cc cc cc cc cc cc cc
  0x00007ffc8b55cd95:   cc cc cc cc cc cc cc cc cc cc cc cc cc cc cc cc
  0x00007ffc8b55cda5:   cc cc cc cc cc cc cc cc cc cc cc 40 57 48 83 ec
  0x00007ffc8b55cdb5:   20 48 8b f9 48 8d 54 24 38 48 8b 0d eb fb 18 00
  0x00007ffc8b55cdc5:   41 b8 06 00 01 00 48 8b 01 4c 8b 48 30 41 ff d1
  0x00007ffc8b55cdd5:   4c 8b 05 8c fc 18 00 33 c9 85 c0 48 0f 44 4c 24
  0x00007ffc8b55cde5:   38 4d 85 c0 74 33 48 8b 01 48 8b d7 4c 8b 88 28
  0x00007ffc8b55cdf5:   03 00 00 41 ff d1 48 8b d0 48 85 c0 74 1b 48 63
  0x00007ffc8b55ce05:   05 c6 9e 18 00 48 63 0d cb 9e 18 00 48 8b 04 10
=>0x00007ffc8b55ce15:   8b 04 01 48 83 c4 20 5f c3 80 3d 9f fb 18 00 00
  0x00007ffc8b55ce25:   48 89 5c 24 30 bb ff ff ff ff 74 20 4c 8b 0d 60
  0x00007ffc8b55ce35:   f8 18 00 4c 8d 44 24 38 48 8b 0d 44 f8 18 00 48
  0x00007ffc8b55ce45:   8b d7 41 ff d1 85 c0 0f 44 5c 24 38 8b c3 48 8b
  0x00007ffc8b55ce55:   5c 24 30 48 83 c4 20 5f c3 cc cc cc cc cc cc cc
  0x00007ffc8b55ce65:   cc cc cc cc cc cc cc cc cc cc cc cc cc cc cc cc
  0x00007ffc8b55ce75:   cc cc cc cc cc cc cc cc cc cc cc cc cc cc cc cc
  0x00007ffc8b55ce85:   cc cc cc cc cc cc cc cc cc cc cc 40 57 48 83 ec
  0x00007ffc8b55ce95:   30 48 c7 44 24 20 fe ff ff ff 48 89 5c 24 50 48
  0x00007ffc8b55cea5:   8b fa 48 8b d9 48 89 4c 24 40 b9 01 00 00 00 33
  0x00007ffc8b55ceb5:   c0 f0 0f b1 0b 74 04 f3 90 eb f4 48 8d 53 08 48
  0x00007ffc8b55cec5:   8b cf e8 bc 86 f6 ff 90 b8 ff ff ff ff f0 0f c1
  0x00007ffc8b55ced5:   03 48 8b c7 48 8b 5c 24 50 48 83 c4 30 5f c3 cc
  0x00007ffc8b55cee5:   cc cc cc cc cc cc cc cc cc cc cc cc cc cc cc cc
  0x00007ffc8b55cef5:   cc cc cc cc cc cc cc cc cc cc cc 4c 8b c2 48 8b
  0x00007ffc8b55cf05:   51 08 48 39 51 10 74 3a 41 8b 00 89 02 33 c0 48


Stack slot to memory mapping:

stack at sp + 0 slots: 0x0000007a7cdfe6c8 is pointing into the stack for thread: 0x000001a72efd6f10
stack at sp + 1 slots: 0x000001a73aa1b120 points into unknown readable memory: 0x0000000713401ed8 | d8 1e 40 13 07 00 00 00
stack at sp + 2 slots: 0x0 is null
stack at sp + 3 slots: 0x0000000000000920 is an unknown value
stack at sp + 4 slots: 0x000001a7014c5cc0 points into unknown readable memory: 0x0000655400003060 | 60 30 00 00 54 65 00 00
stack at sp + 5 slots: 0x00007ffc8b55d1bb libasyncProfiler.dll
stack at sp + 6 slots: 0xfffffffffffffffe is an unknown value
stack at sp + 7 slots: 0x000001a72efd72d8 points into unknown readable memory: 0x00007ffc541917b0 | b0 17 19 54 fc 7f 00 00

Lock stack of current Java thread (top to bottom):


---------------  P R O C E S S  ---------------

Threads class SMR info:
_java_thread_list=0x000001a73a51c000, length=19, elements={
0x000001a72efd6f10, 0x000001a73a3a91a0, 0x000001a73a3aa450, 0x000001a73a3b10b0,
0x000001a73a3b2e70, 0x000001a73a3b4510, 0x000001a73a3b5bb0, 0x000001a73a3d1cf0,
0x000001a73a4b8a60, 0x000001a73a5185c0, 0x000001a73a9ff9c0, 0x000001a700f5baf0,
0x000001a7013e6f90, 0x000001a7014343a0, 0x000001a7014a8610, 0x000001a7014c5150,
0x000001a7014e4540, 0x000001a701599cc0, 0x000001a7015970e0
}

Java Threads: ( => current thread )
=>0x000001a72efd6f10 JavaThread "main"                              [_thread_in_native, id=22424, stack(0x0000007a7cd00000,0x0000007a7ce00000) (1024K)]
  0x000001a73a3a91a0 JavaThread "Reference Handler"          daemon [_thread_blocked, id=19628, stack(0x0000007a7d500000,0x0000007a7d600000) (1024K)]
  0x000001a73a3aa450 JavaThread "Finalizer"                  daemon [_thread_blocked, id=20844, stack(0x0000007a7d600000,0x0000007a7d700000) (1024K)]
  0x000001a73a3b10b0 JavaThread "Signal Dispatcher"          daemon [_thread_blocked, id=27688, stack(0x0000007a7d700000,0x0000007a7d800000) (1024K)]
  0x000001a73a3b2e70 JavaThread "Attach Listener"            daemon [_thread_blocked, id=21500, stack(0x0000007a7d800000,0x0000007a7d900000) (1024K)]
  0x000001a73a3b4510 JavaThread "Service Thread"             daemon [_thread_blocked, id=20900, stack(0x0000007a7d900000,0x0000007a7da00000) (1024K)]
  0x000001a73a3b5bb0 JavaThread "Monitor Deflation Thread"   daemon [_thread_blocked, id=6168, stack(0x0000007a7da00000,0x0000007a7db00000) (1024K)]
  0x000001a73a3d1cf0 JavaThread "C1 CompilerThread0"         daemon [_thread_blocked, id=17124, stack(0x0000007a7db00000,0x0000007a7dc00000) (1024K)]
  0x000001a73a4b8a60 JavaThread "C1 CompilerThread1"         daemon [_thread_blocked, id=27840, stack(0x0000007a7dc00000,0x0000007a7dd00000) (1024K)]
  0x000001a73a5185c0 JavaThread "Common-Cleaner"             daemon [_thread_blocked, id=8684, stack(0x0000007a7df00000,0x0000007a7e000000) (1024K)]
  0x000001a73a9ff9c0 JavaThread "Monitor Ctrl-Break"         daemon [_thread_in_native, id=27308, stack(0x0000007a7e000000,0x0000007a7e100000) (1024K)]
  0x000001a700f5baf0 JavaThread "JFR Recorder Thread"        daemon [_thread_in_native, id=22012, stack(0x0000007a7e100000,0x0000007a7e200000) (1024K)]
  0x000001a7013e6f90 JavaThread "JFR Periodic Tasks"         daemon [_thread_in_native, id=27020, stack(0x0000007a7e200000,0x0000007a7e300000) (1024K)]
  0x000001a7014343a0 JavaThread "RMI TCP Accept-0"           daemon [_thread_in_native, id=24552, stack(0x0000007a7e300000,0x0000007a7e400000) (1024K)]
  0x000001a7014a8610 JavaThread "RMI TCP Connection(1)-10.187.56.154" daemon [_thread_in_native, id=4608, stack(0x0000007a7e400000,0x0000007a7e500000) (1024K)]
  0x000001a7014c5150 JavaThread "RMI Scheduler(0)"           daemon [_thread_blocked, id=18252, stack(0x0000007a7e500000,0x0000007a7e600000) (1024K)]
  0x000001a7014e4540 JavaThread "JMX server connection timeout 33" daemon [_thread_blocked, id=8148, stack(0x0000007a7e600000,0x0000007a7e700000) (1024K)]
  0x000001a701599cc0 JavaThread "RMI TCP Connection(2)-10.187.56.154" daemon [_thread_in_native, id=19424, stack(0x0000007a7e700000,0x0000007a7e800000) (1024K)]
  0x000001a7015970e0 JavaThread "JMX server connection timeout 36" daemon [_thread_new, id=9168, stack(0x0000000000000000,0x0000000000000000) (0B)]
Total: 19

Other Threads:
  0x000001a72f1670e0 VMThread "VM Thread"                           [id=19452, stack(0x0000007a7d400000,0x0000007a7d500000) (1024K)]
  0x000001a72f14fcc0 WatcherThread "VM Periodic Task Thread"        [id=19512, stack(0x0000007a7d300000,0x0000007a7d400000) (1024K)]
  0x000001a72f03eec0 WorkerThread "GC Thread#0"                     [id=8516, stack(0x0000007a7ce00000,0x0000007a7cf00000) (1024K)]
  0x000001a72f092010 ConcurrentGCThread "G1 Main Marker"            [id=11400, stack(0x0000007a7cf00000,0x0000007a7d000000) (1024K)]
  0x000001a72f0931d0 WorkerThread "G1 Conc#0"                       [id=27252, stack(0x0000007a7d000000,0x0000007a7d100000) (1024K)]
  0x000001a72f131d40 ConcurrentGCThread "G1 Refine#0"               [id=28120, stack(0x0000007a7d100000,0x0000007a7d200000) (1024K)]
  0x000001a72f1327d0 ConcurrentGCThread "G1 Service"                [id=24716, stack(0x0000007a7d200000,0x0000007a7d300000) (1024K)]
Total: 7

Threads with active compile tasks:
Total: 0

VM state: not at safepoint (normal execution)

VM Mutex/Monitor currently owned by a thread: None

Heap address: 0x0000000703800000, size: 4040 MB, Compressed Oops mode: Zero based, Oop shift amount: 3

CDS archive(s) mapped at: [0x000001a73b000000-0x000001a73bd40000-0x000001a73bd40000), size 13893632, SharedBaseAddress: 0x000001a73b000000, ArchiveRelocationMode: 1.
Compressed class space mapped at: 0x000001a73c000000-0x000001a77c000000, reserved size: 1073741824
UseCompressedClassPointers 1, UseCompactObjectHeaders 0
Narrow klass pointer bits 32, Max shift 3
Narrow klass base: 0x000001a73b000000, Narrow klass shift: 0
Encoding Range: [0x000001a73b000000 - 0x000001a83b000000), (4294967296 bytes)
Klass Range:    [0x000001a73b000000 - 0x000001a77c000000), (1090519040 bytes)
Klass ID Range:  [8 - 1090519033) (1090519025)

GC Precious Log:
 CardTable entry size: 512
 Card Set container configuration: InlinePtr #cards 4 size 8 Array Of Cards #cards 16 size 48 Howl #buckets 8 coarsen threshold 3686 Howl Bitmap #cards 512 size 80 coarsen threshold 460 Card regions per heap region 1 cards per card region 4096
 CPUs: 8 total, 8 available
 Memory: 16157M
 Large Page Support: Disabled
 NUMA Support: Disabled
 Compressed Oops: Enabled (Zero based)
 Heap Region Size: 2M
 Heap Min Capacity: 8M
 Heap Initial Capacity: 254M
 Heap Max Capacity: 4040M
 Pre-touch: Disabled
 Parallel Workers: 8
 Concurrent Workers: 2
 Concurrent Refinement Workers: 8
 Periodic GC: Disabled

Heap:
 garbage-first heap   total reserved 4136960K, committed 262144K, used 42100K [0x0000000703800000, 0x0000000800000000)
  region size 2048K, 22 young (45056K), 0 survivors (0K)
 Metaspace       used 7227K, committed 7488K, reserved 1114112K
  class space    used 820K, committed 960K, reserved 1048576K

Heap Regions: E=young(eden), S=young(survivor), O=old, HS=humongous(starts), HC=humongous(continues), CS=collection set, F=free, TAMS=top-at-mark-start, PB=parsable bottom
|   0|0x0000000703800000, 0x0000000703800000, 0x0000000703a00000|  0%| F|  |TAMS 0x0000000703800000| PB 0x0000000703800000| Untracked |  0
|   1|0x0000000703a00000, 0x0000000703a00000, 0x0000000703c00000|  0%| F|  |TAMS 0x0000000703a00000| PB 0x0000000703a00000| Untracked |  0
|   2|0x0000000703c00000, 0x0000000703c00000, 0x0000000703e00000|  0%| F|  |TAMS 0x0000000703c00000| PB 0x0000000703c00000| Untracked |  0
|   3|0x0000000703e00000, 0x0000000703e00000, 0x0000000704000000|  0%| F|  |TAMS 0x0000000703e00000| PB 0x0000000703e00000| Untracked |  0
|   4|0x0000000704000000, 0x0000000704000000, 0x0000000704200000|  0%| F|  |TAMS 0x0000000704000000| PB 0x0000000704000000| Untracked |  0
|   5|0x0000000704200000, 0x0000000704200000, 0x0000000704400000|  0%| F|  |TAMS 0x0000000704200000| PB 0x0000000704200000| Untracked |  0
|   6|0x0000000704400000, 0x0000000704400000, 0x0000000704600000|  0%| F|  |TAMS 0x0000000704400000| PB 0x0000000704400000| Untracked |  0
|   7|0x0000000704600000, 0x0000000704600000, 0x0000000704800000|  0%| F|  |TAMS 0x0000000704600000| PB 0x0000000704600000| Untracked |  0
|   8|0x0000000704800000, 0x0000000704800000, 0x0000000704a00000|  0%| F|  |TAMS 0x0000000704800000| PB 0x0000000704800000| Untracked |  0
|   9|0x0000000704a00000, 0x0000000704a00000, 0x0000000704c00000|  0%| F|  |TAMS 0x0000000704a00000| PB 0x0000000704a00000| Untracked |  0
|  10|0x0000000704c00000, 0x0000000704c00000, 0x0000000704e00000|  0%| F|  |TAMS 0x0000000704c00000| PB 0x0000000704c00000| Untracked |  0
|  11|0x0000000704e00000, 0x0000000704e00000, 0x0000000705000000|  0%| F|  |TAMS 0x0000000704e00000| PB 0x0000000704e00000| Untracked |  0
|  12|0x0000000705000000, 0x0000000705000000, 0x0000000705200000|  0%| F|  |TAMS 0x0000000705000000| PB 0x0000000705000000| Untracked |  0
|  13|0x0000000705200000, 0x0000000705200000, 0x0000000705400000|  0%| F|  |TAMS 0x0000000705200000| PB 0x0000000705200000| Untracked |  0
|  14|0x0000000705400000, 0x0000000705400000, 0x0000000705600000|  0%| F|  |TAMS 0x0000000705400000| PB 0x0000000705400000| Untracked |  0
|  15|0x0000000705600000, 0x0000000705600000, 0x0000000705800000|  0%| F|  |TAMS 0x0000000705600000| PB 0x0000000705600000| Untracked |  0
|  16|0x0000000705800000, 0x0000000705800000, 0x0000000705a00000|  0%| F|  |TAMS 0x0000000705800000| PB 0x0000000705800000| Untracked |  0
|  17|0x0000000705a00000, 0x0000000705a00000, 0x0000000705c00000|  0%| F|  |TAMS 0x0000000705a00000| PB 0x0000000705a00000| Untracked |  0
|  18|0x0000000705c00000, 0x0000000705c00000, 0x0000000705e00000|  0%| F|  |TAMS 0x0000000705c00000| PB 0x0000000705c00000| Untracked |  0
|  19|0x0000000705e00000, 0x0000000705e00000, 0x0000000706000000|  0%| F|  |TAMS 0x0000000705e00000| PB 0x0000000705e00000| Untracked |  0
|  20|0x0000000706000000, 0x0000000706000000, 0x0000000706200000|  0%| F|  |TAMS 0x0000000706000000| PB 0x0000000706000000| Untracked |  0
|  21|0x0000000706200000, 0x0000000706200000, 0x0000000706400000|  0%| F|  |TAMS 0x0000000706200000| PB 0x0000000706200000| Untracked |  0
|  22|0x0000000706400000, 0x0000000706400000, 0x0000000706600000|  0%| F|  |TAMS 0x0000000706400000| PB 0x0000000706400000| Untracked |  0
|  23|0x0000000706600000, 0x0000000706600000, 0x0000000706800000|  0%| F|  |TAMS 0x0000000706600000| PB 0x0000000706600000| Untracked |  0
|  24|0x0000000706800000, 0x0000000706800000, 0x0000000706a00000|  0%| F|  |TAMS 0x0000000706800000| PB 0x0000000706800000| Untracked |  0
|  25|0x0000000706a00000, 0x0000000706a00000, 0x0000000706c00000|  0%| F|  |TAMS 0x0000000706a00000| PB 0x0000000706a00000| Untracked |  0
|  26|0x0000000706c00000, 0x0000000706c00000, 0x0000000706e00000|  0%| F|  |TAMS 0x0000000706c00000| PB 0x0000000706c00000| Untracked |  0
|  27|0x0000000706e00000, 0x0000000706e00000, 0x0000000707000000|  0%| F|  |TAMS 0x0000000706e00000| PB 0x0000000706e00000| Untracked |  0
|  28|0x0000000707000000, 0x0000000707000000, 0x0000000707200000|  0%| F|  |TAMS 0x0000000707000000| PB 0x0000000707000000| Untracked |  0
|  29|0x0000000707200000, 0x0000000707200000, 0x0000000707400000|  0%| F|  |TAMS 0x0000000707200000| PB 0x0000000707200000| Untracked |  0
|  30|0x0000000707400000, 0x0000000707400000, 0x0000000707600000|  0%| F|  |TAMS 0x0000000707400000| PB 0x0000000707400000| Untracked |  0
|  31|0x0000000707600000, 0x0000000707600000, 0x0000000707800000|  0%| F|  |TAMS 0x0000000707600000| PB 0x0000000707600000| Untracked |  0
|  32|0x0000000707800000, 0x0000000707800000, 0x0000000707a00000|  0%| F|  |TAMS 0x0000000707800000| PB 0x0000000707800000| Untracked |  0
|  33|0x0000000707a00000, 0x0000000707a00000, 0x0000000707c00000|  0%| F|  |TAMS 0x0000000707a00000| PB 0x0000000707a00000| Untracked |  0
|  34|0x0000000707c00000, 0x0000000707c00000, 0x0000000707e00000|  0%| F|  |TAMS 0x0000000707c00000| PB 0x0000000707c00000| Untracked |  0
|  35|0x0000000707e00000, 0x0000000707e00000, 0x0000000708000000|  0%| F|  |TAMS 0x0000000707e00000| PB 0x0000000707e00000| Untracked |  0
|  36|0x0000000708000000, 0x0000000708000000, 0x0000000708200000|  0%| F|  |TAMS 0x0000000708000000| PB 0x0000000708000000| Untracked |  0
|  37|0x0000000708200000, 0x0000000708200000, 0x0000000708400000|  0%| F|  |TAMS 0x0000000708200000| PB 0x0000000708200000| Untracked |  0
|  38|0x0000000708400000, 0x0000000708400000, 0x0000000708600000|  0%| F|  |TAMS 0x0000000708400000| PB 0x0000000708400000| Untracked |  0
|  39|0x0000000708600000, 0x0000000708600000, 0x0000000708800000|  0%| F|  |TAMS 0x0000000708600000| PB 0x0000000708600000| Untracked |  0
|  40|0x0000000708800000, 0x0000000708800000, 0x0000000708a00000|  0%| F|  |TAMS 0x0000000708800000| PB 0x0000000708800000| Untracked |  0
|  41|0x0000000708a00000, 0x0000000708a00000, 0x0000000708c00000|  0%| F|  |TAMS 0x0000000708a00000| PB 0x0000000708a00000| Untracked |  0
|  42|0x0000000708c00000, 0x0000000708c00000, 0x0000000708e00000|  0%| F|  |TAMS 0x0000000708c00000| PB 0x0000000708c00000| Untracked |  0
|  43|0x0000000708e00000, 0x0000000708e00000, 0x0000000709000000|  0%| F|  |TAMS 0x0000000708e00000| PB 0x0000000708e00000| Untracked |  0
|  44|0x0000000709000000, 0x0000000709000000, 0x0000000709200000|  0%| F|  |TAMS 0x0000000709000000| PB 0x0000000709000000| Untracked |  0
|  45|0x0000000709200000, 0x0000000709200000, 0x0000000709400000|  0%| F|  |TAMS 0x0000000709200000| PB 0x0000000709200000| Untracked |  0
|  46|0x0000000709400000, 0x0000000709400000, 0x0000000709600000|  0%| F|  |TAMS 0x0000000709400000| PB 0x0000000709400000| Untracked |  0
|  47|0x0000000709600000, 0x0000000709600000, 0x0000000709800000|  0%| F|  |TAMS 0x0000000709600000| PB 0x0000000709600000| Untracked |  0
|  48|0x0000000709800000, 0x0000000709800000, 0x0000000709a00000|  0%| F|  |TAMS 0x0000000709800000| PB 0x0000000709800000| Untracked |  0
|  49|0x0000000709a00000, 0x0000000709a00000, 0x0000000709c00000|  0%| F|  |TAMS 0x0000000709a00000| PB 0x0000000709a00000| Untracked |  0
|  50|0x0000000709c00000, 0x0000000709c00000, 0x0000000709e00000|  0%| F|  |TAMS 0x0000000709c00000| PB 0x0000000709c00000| Untracked |  0
|  51|0x0000000709e00000, 0x0000000709e00000, 0x000000070a000000|  0%| F|  |TAMS 0x0000000709e00000| PB 0x0000000709e00000| Untracked |  0
|  52|0x000000070a000000, 0x000000070a000000, 0x000000070a200000|  0%| F|  |TAMS 0x000000070a000000| PB 0x000000070a000000| Untracked |  0
|  53|0x000000070a200000, 0x000000070a200000, 0x000000070a400000|  0%| F|  |TAMS 0x000000070a200000| PB 0x000000070a200000| Untracked |  0
|  54|0x000000070a400000, 0x000000070a400000, 0x000000070a600000|  0%| F|  |TAMS 0x000000070a400000| PB 0x000000070a400000| Untracked |  0
|  55|0x000000070a600000, 0x000000070a600000, 0x000000070a800000|  0%| F|  |TAMS 0x000000070a600000| PB 0x000000070a600000| Untracked |  0
|  56|0x000000070a800000, 0x000000070a800000, 0x000000070aa00000|  0%| F|  |TAMS 0x000000070a800000| PB 0x000000070a800000| Untracked |  0
|  57|0x000000070aa00000, 0x000000070aa00000, 0x000000070ac00000|  0%| F|  |TAMS 0x000000070aa00000| PB 0x000000070aa00000| Untracked |  0
|  58|0x000000070ac00000, 0x000000070ac00000, 0x000000070ae00000|  0%| F|  |TAMS 0x000000070ac00000| PB 0x000000070ac00000| Untracked |  0
|  59|0x000000070ae00000, 0x000000070ae00000, 0x000000070b000000|  0%| F|  |TAMS 0x000000070ae00000| PB 0x000000070ae00000| Untracked |  0
|  60|0x000000070b000000, 0x000000070b000000, 0x000000070b200000|  0%| F|  |TAMS 0x000000070b000000| PB 0x000000070b000000| Untracked |  0
|  61|0x000000070b200000, 0x000000070b200000, 0x000000070b400000|  0%| F|  |TAMS 0x000000070b200000| PB 0x000000070b200000| Untracked |  0
|  62|0x000000070b400000, 0x000000070b400000, 0x000000070b600000|  0%| F|  |TAMS 0x000000070b400000| PB 0x000000070b400000| Untracked |  0
|  63|0x000000070b600000, 0x000000070b600000, 0x000000070b800000|  0%| F|  |TAMS 0x000000070b600000| PB 0x000000070b600000| Untracked |  0
|  64|0x000000070b800000, 0x000000070b800000, 0x000000070ba00000|  0%| F|  |TAMS 0x000000070b800000| PB 0x000000070b800000| Untracked |  0
|  65|0x000000070ba00000, 0x000000070ba00000, 0x000000070bc00000|  0%| F|  |TAMS 0x000000070ba00000| PB 0x000000070ba00000| Untracked |  0
|  66|0x000000070bc00000, 0x000000070bc00000, 0x000000070be00000|  0%| F|  |TAMS 0x000000070bc00000| PB 0x000000070bc00000| Untracked |  0
|  67|0x000000070be00000, 0x000000070be00000, 0x000000070c000000|  0%| F|  |TAMS 0x000000070be00000| PB 0x000000070be00000| Untracked |  0
|  68|0x000000070c000000, 0x000000070c000000, 0x000000070c200000|  0%| F|  |TAMS 0x000000070c000000| PB 0x000000070c000000| Untracked |  0
|  69|0x000000070c200000, 0x000000070c200000, 0x000000070c400000|  0%| F|  |TAMS 0x000000070c200000| PB 0x000000070c200000| Untracked |  0
|  70|0x000000070c400000, 0x000000070c400000, 0x000000070c600000|  0%| F|  |TAMS 0x000000070c400000| PB 0x000000070c400000| Untracked |  0
|  71|0x000000070c600000, 0x000000070c600000, 0x000000070c800000|  0%| F|  |TAMS 0x000000070c600000| PB 0x000000070c600000| Untracked |  0
|  72|0x000000070c800000, 0x000000070c800000, 0x000000070ca00000|  0%| F|  |TAMS 0x000000070c800000| PB 0x000000070c800000| Untracked |  0
|  73|0x000000070ca00000, 0x000000070ca00000, 0x000000070cc00000|  0%| F|  |TAMS 0x000000070ca00000| PB 0x000000070ca00000| Untracked |  0
|  74|0x000000070cc00000, 0x000000070cc00000, 0x000000070ce00000|  0%| F|  |TAMS 0x000000070cc00000| PB 0x000000070cc00000| Untracked |  0
|  75|0x000000070ce00000, 0x000000070ce00000, 0x000000070d000000|  0%| F|  |TAMS 0x000000070ce00000| PB 0x000000070ce00000| Untracked |  0
|  76|0x000000070d000000, 0x000000070d000000, 0x000000070d200000|  0%| F|  |TAMS 0x000000070d000000| PB 0x000000070d000000| Untracked |  0
|  77|0x000000070d200000, 0x000000070d200000, 0x000000070d400000|  0%| F|  |TAMS 0x000000070d200000| PB 0x000000070d200000| Untracked |  0
|  78|0x000000070d400000, 0x000000070d400000, 0x000000070d600000|  0%| F|  |TAMS 0x000000070d400000| PB 0x000000070d400000| Untracked |  0
|  79|0x000000070d600000, 0x000000070d600000, 0x000000070d800000|  0%| F|  |TAMS 0x000000070d600000| PB 0x000000070d600000| Untracked |  0
|  80|0x000000070d800000, 0x000000070d800000, 0x000000070da00000|  0%| F|  |TAMS 0x000000070d800000| PB 0x000000070d800000| Untracked |  0
|  81|0x000000070da00000, 0x000000070da00000, 0x000000070dc00000|  0%| F|  |TAMS 0x000000070da00000| PB 0x000000070da00000| Untracked |  0
|  82|0x000000070dc00000, 0x000000070dc00000, 0x000000070de00000|  0%| F|  |TAMS 0x000000070dc00000| PB 0x000000070dc00000| Untracked |  0
|  83|0x000000070de00000, 0x000000070de00000, 0x000000070e000000|  0%| F|  |TAMS 0x000000070de00000| PB 0x000000070de00000| Untracked |  0
|  84|0x000000070e000000, 0x000000070e000000, 0x000000070e200000|  0%| F|  |TAMS 0x000000070e000000| PB 0x000000070e000000| Untracked |  0
|  85|0x000000070e200000, 0x000000070e200000, 0x000000070e400000|  0%| F|  |TAMS 0x000000070e200000| PB 0x000000070e200000| Untracked |  0
|  86|0x000000070e400000, 0x000000070e400000, 0x000000070e600000|  0%| F|  |TAMS 0x000000070e400000| PB 0x000000070e400000| Untracked |  0
|  87|0x000000070e600000, 0x000000070e600000, 0x000000070e800000|  0%| F|  |TAMS 0x000000070e600000| PB 0x000000070e600000| Untracked |  0
|  88|0x000000070e800000, 0x000000070e800000, 0x000000070ea00000|  0%| F|  |TAMS 0x000000070e800000| PB 0x000000070e800000| Untracked |  0
|  89|0x000000070ea00000, 0x000000070ea00000, 0x000000070ec00000|  0%| F|  |TAMS 0x000000070ea00000| PB 0x000000070ea00000| Untracked |  0
|  90|0x000000070ec00000, 0x000000070ec00000, 0x000000070ee00000|  0%| F|  |TAMS 0x000000070ec00000| PB 0x000000070ec00000| Untracked |  0
|  91|0x000000070ee00000, 0x000000070ee00000, 0x000000070f000000|  0%| F|  |TAMS 0x000000070ee00000| PB 0x000000070ee00000| Untracked |  0
|  92|0x000000070f000000, 0x000000070f000000, 0x000000070f200000|  0%| F|  |TAMS 0x000000070f000000| PB 0x000000070f000000| Untracked |  0
|  93|0x000000070f200000, 0x000000070f200000, 0x000000070f400000|  0%| F|  |TAMS 0x000000070f200000| PB 0x000000070f200000| Untracked |  0
|  94|0x000000070f400000, 0x000000070f400000, 0x000000070f600000|  0%| F|  |TAMS 0x000000070f400000| PB 0x000000070f400000| Untracked |  0
|  95|0x000000070f600000, 0x000000070f600000, 0x000000070f800000|  0%| F|  |TAMS 0x000000070f600000| PB 0x000000070f600000| Untracked |  0
|  96|0x000000070f800000, 0x000000070f800000, 0x000000070fa00000|  0%| F|  |TAMS 0x000000070f800000| PB 0x000000070f800000| Untracked |  0
|  97|0x000000070fa00000, 0x000000070fa00000, 0x000000070fc00000|  0%| F|  |TAMS 0x000000070fa00000| PB 0x000000070fa00000| Untracked |  0
|  98|0x000000070fc00000, 0x000000070fc00000, 0x000000070fe00000|  0%| F|  |TAMS 0x000000070fc00000| PB 0x000000070fc00000| Untracked |  0
|  99|0x000000070fe00000, 0x000000070fe00000, 0x0000000710000000|  0%| F|  |TAMS 0x000000070fe00000| PB 0x000000070fe00000| Untracked |  0
| 100|0x0000000710000000, 0x0000000710000000, 0x0000000710200000|  0%| F|  |TAMS 0x0000000710000000| PB 0x0000000710000000| Untracked |  0
| 101|0x0000000710200000, 0x0000000710200000, 0x0000000710400000|  0%| F|  |TAMS 0x0000000710200000| PB 0x0000000710200000| Untracked |  0
| 102|0x0000000710400000, 0x0000000710400000, 0x0000000710600000|  0%| F|  |TAMS 0x0000000710400000| PB 0x0000000710400000| Untracked |  0
| 103|0x0000000710600000, 0x0000000710600000, 0x0000000710800000|  0%| F|  |TAMS 0x0000000710600000| PB 0x0000000710600000| Untracked |  0
| 104|0x0000000710800000, 0x0000000710800000, 0x0000000710a00000|  0%| F|  |TAMS 0x0000000710800000| PB 0x0000000710800000| Untracked |  0
| 105|0x0000000710a00000, 0x0000000710bebc88, 0x0000000710c00000| 96%| E|  |TAMS 0x0000000710a00000| PB 0x0000000710a00000| Complete |  0
| 106|0x0000000710c00000, 0x0000000710e00000, 0x0000000710e00000|100%| E|CS|TAMS 0x0000000710c00000| PB 0x0000000710c00000| Complete |  0
| 107|0x0000000710e00000, 0x0000000711000000, 0x0000000711000000|100%| E|CS|TAMS 0x0000000710e00000| PB 0x0000000710e00000| Complete |  0
| 108|0x0000000711000000, 0x0000000711200000, 0x0000000711200000|100%| E|CS|TAMS 0x0000000711000000| PB 0x0000000711000000| Complete |  0
| 109|0x0000000711200000, 0x0000000711400000, 0x0000000711400000|100%| E|CS|TAMS 0x0000000711200000| PB 0x0000000711200000| Complete |  0
| 110|0x0000000711400000, 0x0000000711600000, 0x0000000711600000|100%| E|CS|TAMS 0x0000000711400000| PB 0x0000000711400000| Complete |  0
| 111|0x0000000711600000, 0x0000000711800000, 0x0000000711800000|100%| E|CS|TAMS 0x0000000711600000| PB 0x0000000711600000| Complete |  0
| 112|0x0000000711800000, 0x0000000711a00000, 0x0000000711a00000|100%| E|CS|TAMS 0x0000000711800000| PB 0x0000000711800000| Complete |  0
| 113|0x0000000711a00000, 0x0000000711c00000, 0x0000000711c00000|100%| E|CS|TAMS 0x0000000711a00000| PB 0x0000000711a00000| Complete |  0
| 114|0x0000000711c00000, 0x0000000711e00000, 0x0000000711e00000|100%| E|CS|TAMS 0x0000000711c00000| PB 0x0000000711c00000| Complete |  0
| 115|0x0000000711e00000, 0x0000000712000000, 0x0000000712000000|100%| E|CS|TAMS 0x0000000711e00000| PB 0x0000000711e00000| Complete |  0
| 116|0x0000000712000000, 0x0000000712200000, 0x0000000712200000|100%| E|CS|TAMS 0x0000000712000000| PB 0x0000000712000000| Complete |  0
| 117|0x0000000712200000, 0x0000000712400000, 0x0000000712400000|100%| E|CS|TAMS 0x0000000712200000| PB 0x0000000712200000| Complete |  0
| 118|0x0000000712400000, 0x0000000712600000, 0x0000000712600000|100%| E|CS|TAMS 0x0000000712400000| PB 0x0000000712400000| Complete |  0
| 119|0x0000000712600000, 0x0000000712800000, 0x0000000712800000|100%| E|CS|TAMS 0x0000000712600000| PB 0x0000000712600000| Complete |  0
| 120|0x0000000712800000, 0x0000000712a00000, 0x0000000712a00000|100%| E|CS|TAMS 0x0000000712800000| PB 0x0000000712800000| Complete |  0
| 121|0x0000000712a00000, 0x0000000712c00000, 0x0000000712c00000|100%| E|CS|TAMS 0x0000000712a00000| PB 0x0000000712a00000| Complete |  0
| 122|0x0000000712c00000, 0x0000000712e00000, 0x0000000712e00000|100%| E|CS|TAMS 0x0000000712c00000| PB 0x0000000712c00000| Complete |  0
| 123|0x0000000712e00000, 0x0000000713000000, 0x0000000713000000|100%| E|CS|TAMS 0x0000000712e00000| PB 0x0000000712e00000| Complete |  0
| 124|0x0000000713000000, 0x0000000713200000, 0x0000000713200000|100%| E|  |TAMS 0x0000000713000000| PB 0x0000000713000000| Complete |  0
| 125|0x0000000713200000, 0x0000000713400000, 0x0000000713400000|100%| E|CS|TAMS 0x0000000713200000| PB 0x0000000713200000| Complete |  0
| 126|0x0000000713400000, 0x0000000713600000, 0x0000000713600000|100%| E|CS|TAMS 0x0000000713400000| PB 0x0000000713400000| Complete |  0
|2019|0x00000007ffe00000, 0x00000007fff1d248, 0x0000000800000000| 55%| O|  |TAMS 0x00000007ffe00000| PB 0x00000007ffe00000| Untracked |  0

Card table byte_map: [0x000001a733260000,0x000001a733a50000] _byte_map_base: 0x000001a72fa44000

Marking Bits: (CMBitMap*) 0x000001a72f03f4e0
 Bits: [0x000001a733a50000, 0x000001a737970000)

Polling page: 0x000001a7241c0000

Metaspace:

Usage:
  Non-class:      6.26 MB used.
      Class:    820.73 KB used.
       Both:      7.06 MB used.

Virtual space:
  Non-class space:       64.00 MB reserved,       6.38 MB ( 10%) committed,  1 nodes.
      Class space:        1.00 GB reserved,     960.00 KB ( <1%) committed,  1 nodes.
             Both:        1.06 GB reserved,       7.31 MB ( <1%) committed. 

Chunk freelists:
   Non-Class:  8.94 MB
       Class:  15.03 MB
        Both:  23.97 MB

MaxMetaspaceSize: unlimited
CompressedClassSpaceSize: 1.00 GB
Initial GC threshold: 21.00 MB
Current GC threshold: 21.00 MB
CDS: on
 - commit_granule_bytes: 65536.
 - commit_granule_words: 8192.
 - virtual_space_node_default_size: 8388608.
 - enlarge_chunks_in_place: 1.
UseCompressedClassPointers 1, UseCompactObjectHeaders 0
Narrow klass pointer bits 32, Max shift 3
Narrow klass base: 0x000001a73b000000, Narrow klass shift: 0
Encoding Range: [0x000001a73b000000 - 0x000001a83b000000), (4294967296 bytes)
Klass Range:    [0x000001a73b000000 - 0x000001a77c000000), (1090519040 bytes)
Klass ID Range:  [8 - 1090519033) (1090519025)


Internal statistics:

num_allocs_failed_limit: 0.
num_arena_births: 256.
num_arena_deaths: 0.
num_vsnodes_births: 2.
num_vsnodes_deaths: 0.
num_space_committed: 117.
num_space_uncommitted: 0.
num_chunks_returned_to_freelist: 0.
num_chunks_taken_from_freelist: 331.
num_chunk_merges: 0.
num_chunk_splits: 195.
num_chunks_enlarged: 70.
num_inconsistent_stats: 0.

CodeCache: size=49152Kb used=4163Kb max_used=5270Kb free=44988Kb
 bounds [0x000001a72f180000, 0x000001a72f6b0000, 0x000001a732180000]
 total_blobs=2623, nmethods=2143, adapters=405, full_count=0
Compilation: enabled, stopped_count=0, restarted_count=0

Compilation events (20 events):
Event: 1.769 Thread 0x000001a73a3d1cf0 2118       1       java.io.ObjectOutputStream$HandleTable::lookup (56 bytes)
Event: 1.770 Thread 0x000001a73a4bb2f0 nmethod 2116 0x000001a72f6a2988 code [0x000001a72f6a2a80, 0x000001a72f6a2b48]
Event: 1.770 Thread 0x000001a73a4bab60 2119       1       java.io.ObjectStreamField::isUnshared (5 bytes)
Event: 1.770 Thread 0x000001a73a4b8a60 nmethod 2117 0x000001a72f6a2c88 code [0x000001a72f6a2da0, 0x000001a72f6a2e90]
Event: 1.770 Thread 0x000001a73a4bab60 nmethod 2119 0x000001a72f6a2f88 code [0x000001a72f6a3080, 0x000001a72f6a3148]
Event: 1.770 Thread 0x000001a73a3d1cf0 nmethod 2118 0x000001a72f6a3288 code [0x000001a72f6a33c0, 0x000001a72f6a35d0]
Event: 1.773 Thread 0x000001a73a4bab60 2120       1       java.util.stream.AbstractPipeline::getStreamAndOpFlags (5 bytes)
Event: 1.773 Thread 0x000001a73a4b8a60 2121       1       java.util.stream.PipelineHelper::<init> (5 bytes)
Event: 1.773 Thread 0x000001a73a4bab60 nmethod 2120 0x000001a72f6a3608 code [0x000001a72f6a3700, 0x000001a72f6a37c8]
Event: 1.773 Thread 0x000001a73a4b8a60 nmethod 2121 0x000001a72f6a3908 code [0x000001a72f6a3a00, 0x000001a72f6a3ac0]
Event: 1.788 Thread 0x000001a73a4b8a60 2122       1       java.io.DataInputStream::readLong (20 bytes)
Event: 1.788 Thread 0x000001a73a4bab60 2123       1       java.io.ObjectInputStream$PeekInputStream::read (115 bytes)
Event: 1.788 Thread 0x000001a73a4bab60 nmethod 2123 0x000001a72f6a3f08 code [0x000001a72f6a4040, 0x000001a72f6a42c0]
Event: 1.789 Thread 0x000001a73a4b8a60 nmethod 2122 0x000001a72f6a4308 code [0x000001a72f6a4440, 0x000001a72f6a45f0]
Event: 1.789 Thread 0x000001a73a4bab60 2125       1       java.lang.classfile.CodeBuilder::checkcast (19 bytes)
Event: 1.789 Thread 0x000001a73a4bab60 nmethod 2125 0x000001a72f6a4688 code [0x000001a72f6a47c0, 0x000001a72f6a4920]
Event: 1.790 Thread 0x000001a73a4bb2f0 2127       1       java.lang.invoke.BoundMethodHandle::editor (8 bytes)
Event: 1.790 Thread 0x000001a73a4bb2f0 nmethod 2127 0x000001a72f6a4c88 code [0x000001a72f6a4da0, 0x000001a72f6a4f60]
Event: 1.790 Thread 0x000001a73a4bb2f0 2128       1       java.lang.invoke.MethodHandle::intrinsicName (4 bytes)
Event: 1.790 Thread 0x000001a73a4bb2f0 nmethod 2128 0x000001a72f6a5008 code [0x000001a72f6a5120, 0x000001a72f6a51f0]

GC Heap History (0 events):
No events

Dll operation events (11 events):
Event: 0.041 Loaded shared library C:\Program Files\Java\jdk-24\bin\java.dll
Event: 0.369 Loaded shared library C:\Program Files\Java\jdk-24\bin\zip.dll
Event: 0.379 Loaded shared library C:\Program Files\Java\jdk-24\bin\instrument.dll
Event: 0.397 Loaded shared library C:\Program Files\Java\jdk-24\bin\net.dll
Event: 0.401 Loaded shared library C:\Program Files\Java\jdk-24\bin\nio.dll
Event: 0.407 Loaded shared library C:\Program Files\Java\jdk-24\bin\zip.dll
Event: 0.668 Loaded shared library C:\Program Files\JetBrains\IntelliJ IDEA 2023.1\bin\breakgen64.dll
Event: 0.693 Loaded shared library C:\Program Files\Java\jdk-24\bin\extnet.dll
Event: 0.798 Loaded shared library C:\Program Files\Java\jdk-24\bin\jimage.dll
Event: 0.932 Loaded shared library C:\Program Files\Java\jdk-24\bin\management.dll
Event: 0.952 Loaded shared library C:\Program Files\Java\jdk-24\bin\management_ext.dll

Deoptimization events (0 events):
No events

Classes loaded (20 events):
Event: 1.752 Loading class java/security/PrivilegedActionException
Event: 1.753 Loading class java/security/PrivilegedActionException done
Event: 1.754 Loading class java/lang/invoke/WrongMethodTypeException
Event: 1.754 Loading class java/lang/invoke/WrongMethodTypeException done
Event: 1.755 Loading class java/io/PrintWriter
Event: 1.755 Loading class java/io/PrintWriter done
Event: 1.755 Loading class java/lang/Throwable$PrintStreamOrWriter
Event: 1.755 Loading class java/lang/Throwable$PrintStreamOrWriter done
Event: 1.756 Loading class java/io/SerializationMisdeclarationChecker
Event: 1.756 Loading class java/io/SerializationMisdeclarationChecker done
Event: 1.765 Loading class java/lang/StackTraceElement$HashedModules
Event: 1.765 Loading class java/lang/StackTraceElement$HashedModules done
Event: 1.772 Loading class java/util/function/UnaryOperator
Event: 1.773 Loading class java/util/function/UnaryOperator done
Event: 1.774 Loading class java/rmi/AccessException
Event: 1.775 Loading class java/rmi/AccessException done
Event: 1.792 Loading class java/rmi/server/UnicastRemoteObject
Event: 1.792 Loading class java/rmi/server/UnicastRemoteObject done
Event: 1.792 Loading class java/util/Vector$1
Event: 1.792 Loading class java/util/Vector$1 done

Classes unloaded (0 events):
No events

Classes redefined (15 events):
Event: 1.627 Thread 0x000001a72f1670e0 redefined class name=jdk.internal.event.VirtualThreadSubmitFailedEvent, count=1
Event: 1.627 Thread 0x000001a72f1670e0 redefined class name=jdk.internal.event.ThreadSleepEvent, count=1
Event: 1.627 Thread 0x000001a72f1670e0 redefined class name=jdk.internal.event.SocketWriteEvent, count=1
Event: 1.627 Thread 0x000001a72f1670e0 redefined class name=jdk.internal.event.SerializationMisdeclarationEvent, count=1
Event: 1.627 Thread 0x000001a72f1670e0 redefined class name=jdk.internal.event.ProcessStartEvent, count=1
Event: 1.627 Thread 0x000001a72f1670e0 redefined class name=jdk.internal.event.FileWriteEvent, count=1
Event: 1.627 Thread 0x000001a72f1670e0 redefined class name=jdk.internal.event.FileReadEvent, count=1
Event: 1.627 Thread 0x000001a72f1670e0 redefined class name=jdk.internal.event.FileForceEvent, count=1
Event: 1.627 Thread 0x000001a72f1670e0 redefined class name=jdk.internal.event.ExceptionStatisticsEvent, count=1
Event: 1.627 Thread 0x000001a72f1670e0 redefined class name=jdk.internal.event.ErrorThrownEvent, count=1
Event: 1.627 Thread 0x000001a72f1670e0 redefined class name=jdk.internal.event.SocketReadEvent, count=1
Event: 1.627 Thread 0x000001a72f1670e0 redefined class name=jdk.jfr.events.InitialSecurityPropertyEvent, count=1
Event: 1.627 Thread 0x000001a72f1670e0 redefined class name=jdk.jfr.events.DirectBufferStatisticsEvent, count=1
Event: 1.627 Thread 0x000001a72f1670e0 redefined class name=jdk.jfr.events.ActiveRecordingEvent, count=1
Event: 1.627 Thread 0x000001a72f1670e0 redefined class name=jdk.jfr.events.ActiveSettingEvent, count=1

Internal exceptions (20 events):
Event: 1.466 Thread 0x000001a72efd6f10 Exception <a 'java/lang/NoSuchMethodError'{0x000000071103b098}: 'int java.lang.invoke.DirectMethodHandle$Holder.invokeSpecial(java.lang.Object, java.lang.Object, java.lang.Object, java.lang.Object)'> (0x000000071103b098) 
thrown [s\open\src\hotspot\share\interpreter\linkResolver.cpp, line 805]
Event: 1.481 Thread 0x000001a72efd6f10 Exception <a 'java/lang/NoSuchMethodError'{0x0000000711077e08}: 'java.lang.Object java.lang.invoke.DirectMethodHandle$Holder.invokeSpecial(java.lang.Object, java.lang.Object, int, java.lang.Object, java.lang.Object)'> (0x0000000711077e08) 
thrown [s\open\src\hotspot\share\interpreter\linkResolver.cpp, line 805]
Event: 1.482 Thread 0x000001a7014a8610 Exception <a 'java/lang/NoSuchMethodError'{0x000000071133d8f8}: static [B.<clinit>()V> (0x000000071133d8f8) 
thrown [s\open\src\hotspot\share\prims\jni.cpp, line 1108]
Event: 1.482 Thread 0x000001a72efd6f10 Exception <a 'java/lang/NoSuchMethodError'{0x000000071107ff40}: 'java.lang.Object java.lang.invoke.DelegatingMethodHandle$Holder.delegate(java.lang.Object, int, java.lang.Object, java.lang.Object)'> (0x000000071107ff40) 
thrown [s\open\src\hotspot\share\interpreter\linkResolver.cpp, line 805]
Event: 1.486 Thread 0x000001a7014a8610 Exception <a 'java/lang/NoSuchMethodError'{0x000000071133f248}: 'java.lang.Object java.lang.invoke.DirectMethodHandle$Holder.invokeInterface(java.lang.Object, java.lang.Object, java.lang.Object)'> (0x000000071133f248) 
thrown [s\open\src\hotspot\share\interpreter\linkResolver.cpp, line 805]
Event: 1.489 Thread 0x000001a72efd6f10 Exception <a 'java/lang/NoSuchMethodError'{0x00000007110aa170}: 'java.lang.Object java.lang.invoke.DirectMethodHandle$Holder.invokeStatic(java.lang.Object, java.lang.Object, java.lang.Object, java.lang.Object, java.lang.Object, java.lang.Object, java.lang.Object, java.lang.Object)'> (0x00000007110aa170) 
thrown [s\open\src\hotspot\share\interpreter\linkResolver.cpp, line 805]
Event: 1.496 Thread 0x000001a72efd6f10 Exception <a 'java/lang/NoSuchMethodError'{0x00000007110bd4e8}: 'int java.lang.invoke.Invokers$Holder.linkToTargetMethod(java.lang.Object, java.lang.Object, java.lang.Object)'> (0x00000007110bd4e8) 
thrown [s\open\src\hotspot\share\interpreter\linkResolver.cpp, line 805]
Event: 1.500 Thread 0x000001a7014e4540 Exception <a 'java/lang/NoSuchMethodError'{0x00000007111f57f8}: 'java.lang.Object java.lang.invoke.DirectMethodHandle$Holder.invokeSpecial(java.lang.Object, java.lang.Object, java.lang.Object, java.lang.Object, long)'> (0x00000007111f57f8) 
thrown [s\open\src\hotspot\share\interpreter\linkResolver.cpp, line 805]
Event: 1.501 Thread 0x000001a7014a8610 Exception <a 'java/lang/ClassNotFoundException'{0x0000000711356f40}: javax/management/remote/rmi/RMIConnectionImpl_Skel> (0x0000000711356f40) 
thrown [s\open\src\hotspot\share\classfile\systemDictionary.cpp, line 327]
Event: 1.502 Thread 0x000001a7014e4540 Exception <a 'java/lang/NoSuchMethodError'{0x0000000710e06ac0}: 'java.lang.Object java.lang.invoke.Invokers$Holder.linkToTargetMethod(java.lang.Object, long, java.lang.Object)'> (0x0000000710e06ac0) 
thrown [s\open\src\hotspot\share\interpreter\linkResolver.cpp, line 805]
Event: 1.503 Thread 0x000001a72efd6f10 Exception <a 'java/lang/NoSuchMethodError'{0x00000007110cde10}: 'void java.lang.invoke.DirectMethodHandle$Holder.invokeSpecial(java.lang.Object, java.lang.Object, java.lang.Object, java.lang.Object, java.lang.Object)'> (0x00000007110cde10) 
thrown [s\open\src\hotspot\share\interpreter\linkResolver.cpp, line 805]
Event: 1.515 Thread 0x000001a7014a8610 Exception <a 'java/lang/NoSuchMethodError'{0x0000000711374910}: 'java.lang.Object java.lang.invoke.DirectMethodHandle$Holder.invokeInterface(java.lang.Object, java.lang.Object)'> (0x0000000711374910) 
thrown [s\open\src\hotspot\share\interpreter\linkResolver.cpp, line 805]
Event: 1.528 Thread 0x000001a7014a8610 Exception <a 'java/lang/NoSuchMethodError'{0x000000071139c4d0}: 'int java.lang.invoke.DelegatingMethodHandle$Holder.reinvoke_L(java.lang.Object, java.lang.Object, java.lang.Object, java.lang.Object, java.lang.Object)'> (0x000000071139c4d0) 
thrown [s\open\src\hotspot\share\interpreter\linkResolver.cpp, line 805]
Event: 1.536 Thread 0x000001a7014a8610 Exception <a 'java/lang/NoSuchMethodError'{0x00000007113d8a48}: 'java.lang.Object java.lang.invoke.DirectMethodHandle$Holder.invokeStatic(java.lang.Object, java.lang.Object, java.lang.Object, java.lang.Object, java.lang.Object, java.lang.Object, java.lang.Object, java.lang.Object, java.lang.Object)'> (0x00000007113d8a48) 
thrown [s\open\src\hotspot\share\interpreter\linkResolver.cpp, line 805]
Event: 1.539 Thread 0x000001a7014a8610 Exception <a 'java/lang/NoSuchMethodError'{0x0000000710ff03c0}: 'java.lang.Object java.lang.invoke.Invokers$Holder.invokeExact_MT(java.lang.Object, java.lang.Object, java.lang.Object, java.lang.Object, java.lang.Object, java.lang.Object)'> (0x0000000710ff03c0) 
thrown [s\open\src\hotspot\share\interpreter\linkResolver.cpp, line 805]
Event: 1.644 Thread 0x000001a7014a8610 Exception <a 'java/lang/NoSuchMethodError'{0x0000000710ffc150}: 'java.lang.Object java.lang.invoke.DirectMethodHandle$Holder.invokeInterface(java.lang.Object, java.lang.Object, java.lang.Object, java.lang.Object, java.lang.Object)'> (0x0000000710ffc150) 
thrown [s\open\src\hotspot\share\interpreter\linkResolver.cpp, line 805]
Event: 1.655 Thread 0x000001a7014a8610 Exception <a 'java/lang/NoSuchMethodError'{0x0000000710d80398}: 'double java.lang.invoke.DirectMethodHandle$Holder.invokeInterface(java.lang.Object, java.lang.Object)'> (0x0000000710d80398) 
thrown [s\open\src\hotspot\share\interpreter\linkResolver.cpp, line 805]
Event: 1.656 Thread 0x000001a7014a8610 Exception <a 'java/lang/NoSuchMethodError'{0x0000000710d90860}: 'double java.lang.invoke.DelegatingMethodHandle$Holder.reinvoke_L(java.lang.Object, java.lang.Object)'> (0x0000000710d90860) 
thrown [s\open\src\hotspot\share\interpreter\linkResolver.cpp, line 805]
Event: 1.766 Thread 0x000001a701599cc0 Exception <a 'java/lang/NoSuchMethodError'{0x0000000710b39280}: static [Ljava/lang/StackTraceElement;.<clinit>()V> (0x0000000710b39280) 
thrown [s\open\src\hotspot\share\prims\jni.cpp, line 1108]
Event: 1.788 Thread 0x000001a701599cc0 Exception <a 'java/lang/NoSuchMethodError'{0x0000000710b4e1b8}: 'void java.lang.invoke.DirectMethodHandle$Holder.invokeInterface(java.lang.Object, java.lang.Object)'> (0x0000000710b4e1b8) 
thrown [s\open\src\hotspot\share\interpreter\linkResolver.cpp, line 805]

VM Operations (20 events):
Event: 1.376 Executing VM operation: JFRSafepointClear
Event: 1.376 Executing VM operation: JFRSafepointClear done
Event: 1.389 Executing VM operation: JFROldObject
Event: 1.390 Executing VM operation: JFROldObject done
Event: 1.405 Executing VM operation: HandshakeAllThreads (Deoptimize)
Event: 1.407 Executing VM operation: HandshakeAllThreads (Deoptimize) done
Event: 1.499 Executing VM operation: HandshakeAllThreads (Deoptimize)
Event: 1.499 Executing VM operation: HandshakeAllThreads (Deoptimize) done
Event: 1.508 Executing VM operation: HandshakeAllThreads (Deoptimize)
Event: 1.509 Executing VM operation: HandshakeAllThreads (Deoptimize) done
Event: 1.521 Executing VM operation: HandshakeAllThreads (Deoptimize)
Event: 1.521 Executing VM operation: HandshakeAllThreads (Deoptimize) done
Event: 1.551 Executing VM operation: HandshakeAllThreads (Deoptimize)
Event: 1.551 Executing VM operation: HandshakeAllThreads (Deoptimize) done
Event: 1.622 Executing VM operation: RedefineClasses
Event: 1.636 Executing VM operation: RedefineClasses done
Event: 1.653 Executing VM operation: ClassLoaderStatsOperation
Event: 1.653 Executing VM operation: ClassLoaderStatsOperation done
Event: 1.753 Executing VM operation: HandshakeAllThreads (Deoptimize)
Event: 1.753 Executing VM operation: HandshakeAllThreads (Deoptimize) done

Memory protections (0 events):
No events

Nmethod flushes (0 events):
No events

Events (20 events):
Event: 0.095 Thread 0x000001a72efd6f10 Thread added: 0x000001a73a3aa450
Event: 0.095 Thread 0x000001a72efd6f10 Thread added: 0x000001a73a3b10b0
Event: 0.096 Thread 0x000001a72efd6f10 Thread added: 0x000001a73a3b2e70
Event: 0.096 Thread 0x000001a72efd6f10 Thread added: 0x000001a73a3b4510
Event: 0.096 Thread 0x000001a72efd6f10 Thread added: 0x000001a73a3b5bb0
Event: 0.096 Thread 0x000001a72efd6f10 Thread added: 0x000001a73a3d1cf0
Event: 0.339 Thread 0x000001a73a3d1cf0 Thread added: 0x000001a73a4b8a60
Event: 0.341 Thread 0x000001a73a3d1cf0 Thread added: 0x000001a73a4bab60
Event: 0.341 Thread 0x000001a73a3d1cf0 Thread added: 0x000001a73a4bb2f0
Event: 0.392 Thread 0x000001a72efd6f10 Thread added: 0x000001a73a5185c0
Event: 0.669 Thread 0x000001a72efd6f10 Thread added: 0x000001a73a9ff9c0
Event: 0.830 Thread 0x000001a72efd6f10 Thread added: 0x000001a700f5baf0
Event: 1.246 Thread 0x000001a72efd6f10 Thread added: 0x000001a7013e6f90
Event: 1.388 Thread 0x000001a73a3b2e70 Thread added: 0x000001a7014343a0
Event: 1.444 Thread 0x000001a7014343a0 Thread added: 0x000001a7014a8610
Event: 1.480 Thread 0x000001a7014a8610 Thread added: 0x000001a7014c5150
Event: 1.492 Thread 0x000001a7014a8610 Thread added: 0x000001a7014e4540
Event: 1.742 Thread 0x000001a7014343a0 Thread added: 0x000001a701599cc0
Event: 1.746 Thread 0x000001a701599cc0 Thread added: 0x000001a7015970e0
Event: 1.792 Thread 0x000001a7015970e0 Thread exited: 0x000001a7015970e0


Dynamic libraries:
0x00007ff60f4a0000 - 0x00007ff60f4b0000 	C:\Program Files\Java\jdk-24\bin\java.exe
0x00007ffcbb4a0000 - 0x00007ffcbb707000 	C:\WINDOWS\SYSTEM32\ntdll.dll
0x00007ffcb9e00000 - 0x00007ffcb9ec9000 	C:\WINDOWS\System32\KERNEL32.DLL
0x00007ffcb8880000 - 0x00007ffcb8c77000 	C:\WINDOWS\System32\KERNELBASE.dll
0x00007ffcb8c80000 - 0x00007ffcb8dcb000 	C:\WINDOWS\System32\ucrtbase.dll
0x00007ffca9b60000 - 0x00007ffca9b7b000 	C:\Program Files\Java\jdk-24\bin\VCRUNTIME140.dll
0x00007ffcab1d0000 - 0x00007ffcab1e6000 	C:\Program Files\Java\jdk-24\bin\jli.dll
0x00007ffcba1c0000 - 0x00007ffcba386000 	C:\WINDOWS\System32\USER32.dll
0x00007ffc9b1f0000 - 0x00007ffc9b482000 	C:\WINDOWS\WinSxS\amd64_microsoft.windows.common-controls_6595b64144ccf1df_6.0.26100.8457_none_3e0b2faee331e92d\COMCTL32.dll
0x00007ffcb8f00000 - 0x00007ffcb8f27000 	C:\WINDOWS\System32\win32u.dll
0x00007ffcba3b0000 - 0x00007ffcba459000 	C:\WINDOWS\System32\msvcrt.dll
0x00007ffcb9330000 - 0x00007ffcb935b000 	C:\WINDOWS\System32\GDI32.dll
0x00007ffcb8dd0000 - 0x00007ffcb8efc000 	C:\WINDOWS\System32\gdi32full.dll
0x00007ffcb7ed0000 - 0x00007ffcb7f73000 	C:\WINDOWS\System32\msvcp_win.dll
0x00007ffcba980000 - 0x00007ffcba9b2000 	C:\WINDOWS\System32\IMM32.DLL
0x00007ffca8ca0000 - 0x00007ffca8cac000 	C:\Program Files\Java\jdk-24\bin\vcruntime140_1.dll
0x00007ffc8b2f0000 - 0x00007ffc8b37e000 	C:\Program Files\Java\jdk-24\bin\msvcp140.dll
0x00007ffc53560000 - 0x00007ffc54301000 	C:\Program Files\Java\jdk-24\bin\server\jvm.dll
0x00007ffcb9bb0000 - 0x00007ffcb9c66000 	C:\WINDOWS\System32\ADVAPI32.dll
0x00007ffcbaa50000 - 0x00007ffcbaaf7000 	C:\WINDOWS\System32\sechost.dll
0x00007ffcba010000 - 0x00007ffcba128000 	C:\WINDOWS\System32\RPCRT4.dll
0x00007ffcb92a0000 - 0x00007ffcb9320000 	C:\WINDOWS\System32\WS2_32.dll
0x00007ffca8be0000 - 0x00007ffca8beb000 	C:\WINDOWS\SYSTEM32\VERSION.dll
0x00007ffcb7d30000 - 0x00007ffcb7d8e000 	C:\WINDOWS\SYSTEM32\POWRPROF.dll
0x00007ffc9c800000 - 0x00007ffc9c836000 	C:\WINDOWS\SYSTEM32\WINMM.dll
0x00007ffcb7d10000 - 0x00007ffcb7d24000 	C:\WINDOWS\SYSTEM32\UMPDC.dll
0x00007ffcb6c20000 - 0x00007ffcb6c3b000 	C:\WINDOWS\SYSTEM32\kernel.appcore.dll
0x00007ffca7e90000 - 0x00007ffca7e9a000 	C:\Program Files\Java\jdk-24\bin\jimage.dll
0x00007ffcb5b60000 - 0x00007ffcb5da2000 	C:\WINDOWS\SYSTEM32\DBGHELP.DLL
0x00007ffcb9760000 - 0x00007ffcb9ae3000 	C:\WINDOWS\System32\combase.dll
0x00007ffcb9f30000 - 0x00007ffcba009000 	C:\WINDOWS\System32\OLEAUT32.dll
0x00007ffc90a90000 - 0x00007ffc90acb000 	C:\WINDOWS\SYSTEM32\dbgcore.DLL
0x00007ffcb8f30000 - 0x00007ffcb8fd8000 	C:\WINDOWS\System32\bcryptPrimitives.dll
0x00007ffcab1c0000 - 0x00007ffcab1cf000 	C:\Program Files\Java\jdk-24\bin\instrument.dll
0x00007ffca8450000 - 0x00007ffca846e000 	C:\Program Files\Java\jdk-24\bin\java.dll
0x00007ffcb9460000 - 0x00007ffcb95f7000 	C:\WINDOWS\System32\ole32.dll
0x00007ffcbab00000 - 0x00007ffcbb26e000 	C:\WINDOWS\System32\SHELL32.dll
0x00007ffc8b4c0000 - 0x00007ffc8b714000 	C:\Users\RUPHIN\AppData\Local\Temp\libasyncProfiler.dll
0x00007ffcb7f80000 - 0x00007ffcb87ec000 	C:\WINDOWS\System32\windows.storage.dll
0x00007ffcb9360000 - 0x00007ffcb9456000 	C:\WINDOWS\System32\SHCORE.dll
0x00007ffcba460000 - 0x00007ffcba4c6000 	C:\WINDOWS\System32\shlwapi.dll
0x00007ffcb7df0000 - 0x00007ffcb7e19000 	C:\WINDOWS\SYSTEM32\profapi.dll
0x00007ffc99dc0000 - 0x00007ffc99dd7000 	C:\Program Files\Java\jdk-24\bin\zip.dll
0x00007ffca7e80000 - 0x00007ffca7e90000 	C:\Program Files\Java\jdk-24\bin\net.dll
0x00007ffcb7170000 - 0x00007ffcb71dc000 	C:\WINDOWS\system32\mswsock.dll
0x00007ffc9e9b0000 - 0x00007ffc9e9c6000 	C:\Program Files\Java\jdk-24\bin\nio.dll
0x00007ffcab170000 - 0x00007ffcab18a000 	C:\Program Files\JetBrains\IntelliJ IDEA 2023.1\bin\breakgen64.dll
0x00007ffc9f550000 - 0x00007ffc9f559000 	C:\Program Files\Java\jdk-24\bin\extnet.dll
0x00007ffcb66f0000 - 0x00007ffcb6822000 	C:\WINDOWS\SYSTEM32\DNSAPI.dll
0x00007ffcb66b0000 - 0x00007ffcb66e2000 	C:\WINDOWS\SYSTEM32\IPHLPAPI.DLL
0x00007ffcba130000 - 0x00007ffcba13a000 	C:\WINDOWS\System32\NSI.dll
0x00007ffca8af0000 - 0x00007ffca8afb000 	C:\Windows\System32\rasadhlp.dll
0x00007ffcb1ef0000 - 0x00007ffcb1f76000 	C:\WINDOWS\System32\fwpuclnt.dll
0x00007ffc994c0000 - 0x00007ffc994ca000 	C:\Program Files\Java\jdk-24\bin\management.dll
0x00007ffc99490000 - 0x00007ffc9949b000 	C:\Program Files\Java\jdk-24\bin\management_ext.dll
0x00007ffcb9700000 - 0x00007ffcb9708000 	C:\WINDOWS\System32\PSAPI.DLL
0x00007ffcb7570000 - 0x00007ffcb758b000 	C:\WINDOWS\SYSTEM32\CRYPTSP.dll
0x00007ffcb6b80000 - 0x00007ffcb6bb9000 	C:\WINDOWS\system32\rsaenh.dll
0x00007ffcb7220000 - 0x00007ffcb7253000 	C:\WINDOWS\SYSTEM32\USERENV.dll
0x00007ffcb7dc0000 - 0x00007ffcb7dea000 	C:\WINDOWS\SYSTEM32\bcrypt.dll
0x00007ffcb73d0000 - 0x00007ffcb73dc000 	C:\WINDOWS\SYSTEM32\CRYPTBASE.dll
0x00007ffc92260000 - 0x00007ffc92278000 	C:\WINDOWS\system32\napinsp.dll
0x00007ffc8dbf0000 - 0x00007ffc8dc03000 	C:\WINDOWS\System32\winrnr.dll
0x00007ffc8dbc0000 - 0x00007ffc8dbe2000 	C:\WINDOWS\system32\nlansp_c.dll
0x00007ffcaaf20000 - 0x00007ffcaaf36000 	C:\WINDOWS\system32\wshbth.dll
0x00007ffc907a0000 - 0x00007ffc907f6000 	C:\WINDOWS\SYSTEM32\pdh.dll

JVMTI agents:
C:\Program Files\JetBrains\IntelliJ IDEA 2023.1\lib\idea_rt.jar path:C:\Program Files\Java\jdk-24\bin\instrument.dll, loaded, initialized, instrumentlib options:13265:C:\Program Files\JetBrains\IntelliJ IDEA 2023.1\bin
C:\Users\RUPHIN\AppData\Local\Temp\libasyncProfiler.dll path:C:\Users\RUPHIN\AppData\Local\Temp\libasyncProfiler.dll, loaded, initialized, options:start,jfr,event=cpu,interval=10ms,jfrsync=profile,cstack=no,file=C:\Users\RUPHIN\IdeaSnapshots\SaBackendApplication_2026_06_03_144323.jfr,log=C:\Users\RUPHIN\AppData\Local\Temp\SaBackendApplication_2026_06_03_144323.jfr.log.txt,logLevel=DEBUG

dbghelp: loaded successfully - version: 4.0.5 - missing functions: none
symbol engine: initialized successfully - sym options: 0x614 - pdb path: .;C:\Program Files\Java\jdk-24\bin;C:\WINDOWS\SYSTEM32;C:\WINDOWS\WinSxS\amd64_microsoft.windows.common-controls_6595b64144ccf1df_6.0.26100.8457_none_3e0b2faee331e92d;C:\Program Files\Java\jdk-24\bin\server;C:\Users\RUPHIN\AppData\Local\Temp;C:\Program Files\JetBrains\IntelliJ IDEA 2023.1\bin

VM Arguments:
jvm_args: -XX:TieredStopAtLevel=1 -Dspring.profiles.active=ruphin -Dspring.output.ansi.enabled=always -Dcom.sun.management.jmxremote -Dspring.jmx.enabled=true -Dspring.liveBeansView.mbeanDomain -Dspring.application.admin.enabled=true -Dmanagement.endpoints.jmx.exposure.include=* -javaagent:C:\Program Files\JetBrains\IntelliJ IDEA 2023.1\lib\idea_rt.jar=13265:C:\Program Files\JetBrains\IntelliJ IDEA 2023.1\bin -agentpath:C:\Users\RUPHIN\AppData\Local\Temp\libasyncProfiler.dll=start,jfr,event=cpu,interval=10ms,jfrsync=profile,cstack=no,file=C:\Users\RUPHIN\IdeaSnapshots\SaBackendApplication_2026_06_03_144323.jfr,log=C:\Users\RUPHIN\AppData\Local\Temp\SaBackendApplication_2026_06_03_144323.jfr.log.txt,logLevel=DEBUG -Dfile.encoding=UTF-8 -Dsun.stdout.encoding=UTF-8 -Dsun.stderr.encoding=UTF-8 
java_command: apash.coding.sa.SaBackendApplication
java_class_path (initial): C:\Users\RUPHIN\Documents\projet de ruphin\flutter\agriscan\backend\target\classes;C:\Users\RUPHIN\.m2\repository\org\springframework\boot\spring-boot-starter-web\4.0.2\spring-boot-starter-web-4.0.2.jar;C:\Users\RUPHIN\.m2\repository\org\springframework\boot\spring-boot-starter-jackson\4.0.2\spring-boot-starter-jackson-4.0.2.jar;C:\Users\RUPHIN\.m2\repository\org\springframework\boot\spring-boot-jackson\4.0.2\spring-boot-jackson-4.0.2.jar;C:\Users\RUPHIN\.m2\repository\tools\jackson\core\jackson-databind\3.0.4\jackson-databind-3.0.4.jar;C:\Users\RUPHIN\.m2\repository\tools\jackson\core\jackson-core\3.0.4\jackson-core-3.0.4.jar;C:\Users\RUPHIN\.m2\repository\org\springframework\boot\spring-boot-starter-tomcat\4.0.2\spring-boot-starter-tomcat-4.0.2.jar;C:\Users\RUPHIN\.m2\repository\org\springframework\boot\spring-boot-starter-tomcat-runtime\4.0.2\spring-boot-starter-tomcat-runtime-4.0.2.jar;C:\Users\RUPHIN\.m2\repository\org\springframework\boot\spring-boot-web-server\4.0.2\spring-boot-web-server-4.0.2.jar;C:\Users\RUPHIN\.m2\repository\org\apache\tomcat\embed\tomcat-embed-core\11.0.15\tomcat-embed-core-11.0.15.jar;C:\Users\RUPHIN\.m2\repository\org\apache\tomcat\embed\tomcat-embed-el\11.0.15\tomcat-embed-el-11.0.15.jar;C:\Users\RUPHIN\.m2\repository\org\apache\tomcat\embed\tomcat-embed-websocket\11.0.15\tomcat-embed-websocket-11.0.15.jar;C:\Users\RUPHIN\.m2\repository\org\springframework\boot\spring-boot-tomcat\4.0.2\spring-boot-tomcat-4.0.2.jar;C:\Users\RUPHIN\.m2\repository\org\springframework\boot\spring-boot-http-converter\4.0.2\spring-boot-http-converter-4.0.2.jar;C:\Users\RUPHIN\.m2\repository\org\springframework\boot\spring-boot\4.0.2\spring-boot-4.0.2.jar;C:\Users\RUPHIN\.m2\repository\org\springframework\spring-web\7.0.3\spring-web-7.0.3.jar;C:\Users\RUPHIN\.m2\repository\org\springframework\boot\spring-boot-webmvc\4.0.2\spring-boot-webmvc-4.0.2.jar;C:\Users\RUPHIN\.m2\repository\org\springframework\boot\spring-boot-servlet\4.0.2\spring-boot-servlet-4.0.2.jar;C:\Users\RUPHIN\.m2\repository\org\springframework\spring-webmvc\7.0.3\spring-webmvc-7.0.3.jar;C:\Users\RUPHIN\.m2\repository\org\springframework\boot\spring-boot-starter-data-jpa\4.0.2\spring-boot-starter-data-jpa-4.0.2.jar;C:\Users\RUPHIN\.m2\repository\org\springframework\boot\spring-boot-starter\4.0.2\spring-boot-starter-4.0.2.jar;C:\Users\RUPHIN\.m2\repository\org\springframework\boot\spring-boot-starter-logging\4.0.2\spring-boot-starter-logging-4.0.2.jar;C:\Users\RUPHIN\.m2\repository\ch\qos\logback\logback-classic\1.5.25\logback-classic-1.5.25.jar;C:\Users\RUPHIN\.m2\repository\ch\qos\logback\logback-core\1.5.25\logback-core-1.5.25.jar;C:\Users\RUPHIN\.m2\repository\org\apache\logging\log4j\log4j-to-slf4j\2.25.3\log4j-to-slf4j-2.25.3.jar;C:\Users\RUPHIN\.m2\repository\org\apache\logging\log4j\log4j-api\2.25.3\log4j-api-2.25.3.jar;C:\Users\RUPHIN\.m2\repository\org\slf4j\jul-to-slf4j\2.0.17\jul-to-slf4j-2.0.17.jar;C:\Users\RUPHIN\.m2\repository\org\springframework\boot\spring-boot-autoconfigure\4.0.2\spring-boot-autoconfigure-4.0.2.jar;C:\Users\RUPHIN\.m2\repository\jakarta\annotation\jakarta.annotation-api\3.0.0\jakarta.annotation-api-3.0.0.jar;C:\Users\RUPHIN\.m2\repository\org\yaml\snakeyaml\2.5\snakeyaml-2.5.jar;C:\Users\RUPHIN\.m2\repository\org\springframework\boot\spring-boot-starter-jdbc\4.0.2\spring-boot-starter-jdbc-4.0.2.jar;C:\Users\RUPHIN\.m2\repository\com\zaxxer\HikariCP\7.0.2\HikariCP-7.0.2.jar;C:\Users\RUPHIN\.m2\repository\org\springframework\boot\spring-boot-data-jpa\4.0.2\spring-boot-data-jpa-4.0.2.jar;C:\Users\RUPHIN\.m2\repository\org\springframework\boot\spring-boot-data-commons\4.0.2\spring-boot-data-commons-4.0.2.jar;C:\Users\RUPHIN\.m2\repository\org\springframework\boot\spring-boot-persistence\4.0.2\spring-boot-persistence-4.0.2.jar;C:\Users\RUPHIN\.m2\repository\org\springframework\data\spring-data-commons\4.0.2\spring-data-commons-4.0.2.jar;C:\Users\RUPHIN\.m2\repository\org\springframework\boot\spring-boot-hibernate\4.0.2\spring-boot-hibernate-4.0.2.jar;C:\Users\RUPHIN\.m2\repository\org\springframework\boot\spring-boot-jpa\4.0.2\spring-boot-jpa-4.0.2.jar;C:\Users\RUPHIN\.m2\repository\jakarta\persistence\jakarta.persistence-api\3.2.0\jakarta.persistence-api-3.2.0.jar;C:\Users\RUPHIN\.m2\repository\org\hibernate\orm\hibernate-core\7.2.1.Final\hibernate-core-7.2.1.Final.jar;C:\Users\RUPHIN\.m2\repository\jakarta\transaction\jakarta.transaction-api\2.0.1\jakarta.transaction-api-2.0.1.jar;C:\Users\RUPHIN\.m2\repository\org\jboss\logging\jboss-logging\3.6.1.Final\jboss-logging-3.6.1.Final.jar;C:\Users\RUPHIN\.m2\repository\org\hibernate\models\hibernate-models\1.0.1\hibernate-models-1.0.1.jar;C:\Users\RUPHIN\.m2\repository\com\fasterxml\classmate\1.7.3\classmate-1.7.3.jar;C:\Users\RUPHIN\.m2\repository\org\glassfish\jaxb\jaxb-runtime\4.0.6\jaxb-runtime-4.0.6.jar;C:\Users\RUPHIN\.m2\repository\org\glassfish\jaxb\jaxb-core\4.0.6\jaxb-core-4.0.6.jar;C:\Users\RUPHIN\.m2\repository\org\glassfish\jaxb\txw2\4.0.6\txw2-4.0.6.jar;C:\Users\RUPHIN\.m2\repository\com\sun\istack\istack-commons-runtime\4.1.2\istack-commons-runtime-4.1.2.jar;C:\Users\RUPHIN\.m2\repository\jakarta\inject\jakarta.inject-api\2.0.1\jakarta.inject-api-2.0.1.jar;C:\Users\RUPHIN\.m2\repository\org\springframework\spring-orm\7.0.3\spring-orm-7.0.3.jar;C:\Users\RUPHIN\.m2\repository\org\springframework\data\spring-data-jpa\4.0.2\spring-data-jpa-4.0.2.jar;C:\Users\RUPHIN\.m2\repository\org\springframework\spring-tx\7.0.3\spring-tx-7.0.3.jar;C:\Users\RUPHIN\.m2\repository\org\antlr\antlr4-runtime\4.13.2\antlr4-runtime-4.13.2.jar;C:\Users\RUPHIN\.m2\repository\org\springframework\spring-aspects\7.0.3\spring-aspects-7.0.3.jar;C:\Users\RUPHIN\.m2\repository\org\aspectj\aspectjweaver\1.9.25.1\aspectjweaver-1.9.25.1.jar;C:\Users\RUPHIN\.m2\repository\org\springframework\boot\spring-boot-jdbc\4.0.2\spring-boot-jdbc-4.0.2.jar;C:\Users\RUPHIN\.m2\repository\org\springframework\boot\spring-boot-sql\4.0.2\spring-boot-sql-4.0.2.jar;C:\Users\RUPHIN\.m2\repository\org\springframework\boot\spring-boot-transaction\4.0.2\spring-boot-transaction-4.0.2.jar;C:\Users\RUPHIN\.m2\repository\org\springframework\spring-jdbc\7.0.3\spring-jdbc-7.0.3.jar;C:\Users\RUPHIN\.m2\repository\org\springframework\boot\spring-boot-starter-security\4.0.2\spring-boot-starter-security-4.0.2.jar;C:\Users\RUPHIN\.m2\repository\org\springframework\boot\spring-boot-security\4.0.2\spring-boot-security-4.0.2.jar;C:\Users\RUPHIN\.m2\repository\org\springframework\security\spring-security-config\7.0.2\spring-security-config-7.0.2.jar;C:\Users\RUPHIN\.m2\repository\org\springframework\spring-aop\7.0.3\spring-aop-7.0.3.jar;C:\Users\RUPHIN\.m2\repository\org\springframework\spring-beans\7.0.3\spring-beans-7.0.3.jar;C:\Users\RUPHIN\.m2\repository\org\springframework\boot\spring-boot-starter-mail\4.0.2\spring-boot-starter-mail-4.0.2.jar;C:\Users\RUPHIN\.m2\repository\org\springframework\boot\spring-boot-mail\4.0.2\spring-boot-mail-4.0.2.jar;C:\Users\RUPHIN\.m2\repository\org\springframework\spring-context-support\7.0.3\spring-context-support-7.0.3.jar;C:\Users\RUPHIN\.m2\repository\jakarta\mail\jakarta.mail-api\2.1.5\jakarta.mail-api-2.1.5.jar;C:\Users\RUPHIN\.m2\repository\org\eclipse\angus\angus-mail\2.0.5\angus-mail-2.0.5.jar;C:\Users\RUPHIN\.m2\repository\org\eclipse\angus\angus-activation\2.0.3\angus-activation-2.0.3.jar;C:\Users\RUPHIN\.m2\repository\com\mysql\mysql-connector-j\9.5.0\mysql-connector-j-9.5.0.jar;C:\Users\RUPHIN\.m2\repository\io\jsonwebtoken\jjwt-api\0.11.5\jjwt-api-0.11.5.jar;C:\Users\RUPHIN\.m2\repository\io\jsonwebtoken\jjwt-impl\0.11.5\jjwt-impl-0.11.5.jar;C:\Users\RUPHIN\.m2\repository\io\jsonwebtoken\jjwt-jackson\0.11.5\jjwt-jackson-0.11.5.jar;C:\Users\RUPHIN\.m2\repository\com\fasterxml\jackson\core\jackson-databind\2.20.2\jackson-databind-2.20.2.jar;C:\Users\RUPHIN\.m2\repository\com\fasterxml\jackson\core\jackson-annotations\2.20\jackson-annotations-2.20.jar;C:\Users\RUPHIN\.m2\repository\com\fasterxml\jackson\core\jackson-core\2.20.2\jackson-core-2.20.2.jar;C:\Users\RUPHIN\.m2\repository\org\springframework\boot\spring-boot-starter-actuator\4.0.2\spring-boot-starter-actuator-4.0.2.jar;C:\Users\RUPHIN\.m2\repository\org\springframework\boot\spring-boot-starter-micrometer-metrics\4.0.2\spring-boot-starter-micrometer-metrics-4.0.2.jar;C:\Users\RUPHIN\.m2\repository\org\springframework\boot\spring-boot-micrometer-metrics\4.0.2\spring-boot-micrometer-metrics-4.0.2.jar;C:\Users\RUPHIN\.m2\repository\org\springframework\boot\spring-boot-micrometer-observation\4.0.2\spring-boot-micrometer-observation-4.0.2.jar;C:\Users\RUPHIN\.m2\repository\org\springframework\boot\spring-boot-actuator-autoconfigure\4.0.2\spring-boot-actuator-autoconfigure-4.0.2.jar;C:\Users\RUPHIN\.m2\repository\org\springframework\boot\spring-boot-actuator\4.0.2\spring-boot-actuator-4.0.2.jar;C:\Users\RUPHIN\.m2\repository\org\springframework\boot\spring-boot-health\4.0.2\spring-boot-health-4.0.2.jar;C:\Users\RUPHIN\.m2\repository\io\micrometer\micrometer-observation\1.16.2\micrometer-observation-1.16.2.jar;C:\Users\RUPHIN\.m2\repository\org\jspecify\jspecify\1.0.0\jspecify-1.0.0.jar;C:\Users\RUPHIN\.m2\repository\io\micrometer\micrometer-commons\1.16.2\micrometer-commons-1.16.2.jar;C:\Users\RUPHIN\.m2\repository\io\micrometer\micrometer-jakarta9\1.16.2\micrometer-jakarta9-1.16.2.jar;C:\Users\RUPHIN\.m2\repository\io\micrometer\micrometer-core\1.16.2\micrometer-core-1.16.2.jar;C:\Users\RUPHIN\.m2\repository\org\hdrhistogram\HdrHistogram\2.2.2\HdrHistogram-2.2.2.jar;C:\Users\RUPHIN\.m2\repository\org\latencyutils\LatencyUtils\2.0.3\LatencyUtils-2.0.3.jar;C:\Users\RUPHIN\.m2\repository\org\slf4j\slf4j-api\2.0.17\slf4j-api-2.0.17.jar;C:\Users\RUPHIN\.m2\repository\jakarta\xml\bind\jakarta.xml.bind-api\4.0.4\jakarta.xml.bind-api-4.0.4.jar;C:\Users\RUPHIN\.m2\repository\jakarta\activation\jakarta.activation-api\2.1.4\jakarta.activation-api-2.1.4.jar;C:\Users\RUPHIN\.m2\repository\net\bytebuddy\byte-buddy\1.17.8\byte-buddy-1.17.8.jar;C:\Users\RUPHIN\.m2\repository\org\springframework\spring-core\7.0.3\spring-core-7.0.3.jar;C:\Users\RUPHIN\.m2\repository\commons-logging\commons-logging\1.3.5\commons-logging-1.3.5.jar;C:\Users\RUPHIN\.m2\repository\org\springframework\security\spring-security-core\7.0.2\spring-security-core-7.0.2.jar;C:\Users\RUPHIN\.m2\repository\org\springframework\security\spring-security-crypto\7.0.2\spring-security-crypto-7.0.2.jar;C:\Users\RUPHIN\.m2\repository\org\springframework\spring-context\7.0.3\spring-context-7.0.3.jar;C:\Users\RUPHIN\.m2\repository\org\springframework\spring-expression\7.0.3\spring-expression-7.0.3.jar;C:\Users\RUPHIN\.m2\repository\org\springframework\security\spring-security-web\7.0.2\spring-security-web-7.0.2.jar
Launcher Type: SUN_STANDARD

[Global flags]
     intx CICompilerCount                          = 4                                         {product} {ergonomic}
     uint ConcGCThreads                            = 2                                         {product} {ergonomic}
     bool FlightRecorder                           = true                                      {product} {management}
     uint G1ConcRefinementThreads                  = 8                                         {product} {ergonomic}
   size_t G1HeapRegionSize                         = 2097152                                   {product} {ergonomic}
   size_t InitialHeapSize                          = 266338304                                 {product} {ergonomic}
     bool ManagementServer                         = true                                      {product} {command line}
   size_t MarkStackSize                            = 4194304                                   {product} {ergonomic}
   size_t MarkStackSizeMax                         = 536870912                                 {product} {ergonomic}
   size_t MaxHeapSize                              = 4236247040                                {product} {ergonomic}
   size_t MaxNewSize                               = 2541748224                                {product} {ergonomic}
   size_t MinHeapDeltaBytes                        = 2097152                                   {product} {ergonomic}
   size_t MinHeapSize                              = 8388608                                   {product} {ergonomic}
    uintx NonNMethodCodeHeapSize                   = 4096                                   {pd product} {ergonomic}
    uintx NonProfiledCodeHeapSize                  = 0                                      {pd product} {ergonomic}
     bool ProfileInterpreter                       = false                                  {pd product} {command line}
    uintx ProfiledCodeHeapSize                     = 0                                      {pd product} {ergonomic}
   size_t SoftMaxHeapSize                          = 4236247040                             {manageable} {ergonomic}
     intx TieredStopAtLevel                        = 1                                         {product} {command line}
     bool UseCompressedOops                        = true                           {product lp64_product} {ergonomic}
     bool UseG1GC                                  = true                                      {product} {ergonomic}
     bool UseLargePagesIndividualAllocation        = false                                  {pd product} {ergonomic}

Logging:
Log output configuration:
 #0: stdout all=warning uptime,level,tags foldmultilines=false
 #1: stderr all=off uptime,level,tags foldmultilines=false

Environment Variables:
PATH=C:\Program Files\Common Files\Oracle\Java\javapath;C:\WINDOWS\system32;C:\WINDOWS;C:\WINDOWS\System32\Wbem;C:\WINDOWS\System32\WindowsPowerShell\v1.0\;C:\WINDOWS\System32\OpenSSH\;C:\Program Files\nodejs\;C:\Program Files\Git\cmd;C:\apache-maven-3.9.15\bin;C:\apache-maven-3.9.15\lib;C:\apache-maven-3.9.15;C:\src\flutter\bin;C:\Users\RUPHIN\.local\bin;C:\Program Files\MySQL\MySQL Shell 8.0\bin\;C:\Users\RUPHIN\AppData\Local\Microsoft\WindowsApps;C:\Users\RUPHIN\AppData\Roaming\npm;C:\Users\RUPHIN\AppData\Local\Programs\Microsoft VS Code\bin;C:\Users\RUPHIN\AppData\Local\GitHubDesktop\bin;C:\Program Files\JetBrains\IntelliJ IDEA 2023.1\bin;;C:\apache-maven-3.9.15;C:\apache-maven-3.9.15\bin;C:\apache-maven-3.9.15\lib;C:\src\flutter\bin
USERNAME=RUPHIN
OS=Windows_NT
PROCESSOR_IDENTIFIER=Intel64 Family 6 Model 142 Stepping 12, GenuineIntel
TMP=C:\Users\RUPHIN\AppData\Local\Temp
TEMP=C:\Users\RUPHIN\AppData\Local\Temp




Periodic native trim disabled

---------------  S Y S T E M  ---------------

OS:
 Windows 11 , 64 bit Build 26100 (10.0.26100.8328)
OS uptime: 3 days 0:58 hours
Hyper-V role detected

CPU: total 8 (initial active 8) (4 cores per cpu, 2 threads per core) family 6 model 142 stepping 12 microcode 0x100, cx8, cmov, fxsr, ht, mmx, 3dnowpref, sse, sse2, sse3, ssse3, sse4.1, sse4.2, popcnt, lzcnt, tsc, tscinvbit, avx, avx2, aes, erms, clmul, bmi1, bmi2, adx, fma, vzeroupper, clflush, clflushopt, hv, rdtscp, f16c
Processor Information for processor 0
  Max Mhz: 2208, Current Mhz: 1505, Mhz Limit: 1700
Processor Information for processor 1
  Max Mhz: 2208, Current Mhz: 1706, Mhz Limit: 1700
Processor Information for processor 2
  Max Mhz: 2208, Current Mhz: 1505, Mhz Limit: 1700
Processor Information for processor 3
  Max Mhz: 2208, Current Mhz: 1706, Mhz Limit: 1700
Processor Information for processor 4
  Max Mhz: 2208, Current Mhz: 1706, Mhz Limit: 1700
Processor Information for processor 5
  Max Mhz: 2208, Current Mhz: 1706, Mhz Limit: 1700
Processor Information for processor 6
  Max Mhz: 2208, Current Mhz: 1505, Mhz Limit: 1700
Processor Information for processor 7
  Max Mhz: 2208, Current Mhz: 1706, Mhz Limit: 1700

Memory: 4k page, system-wide physical 16157M (2900M free)
TotalPageFile size 36637M (AvailPageFile size 9631M)
current process WorkingSet (physical memory assigned to process): 107M, peak: 107M
current process commit charge ("private bytes"): 394M, peak: 395M

vm_info: Java HotSpot(TM) 64-Bit Server VM (24.0.2+12-54) for windows-amd64 JRE (24.0.2+12-54), built on 2025-07-08T12:10:27Z with MS VC++ 17.6 (VS2022)

END.
